[2024-09-26T09:18:29.295933+00:00] monitor_logger.INFO: Le serveur fonctionne correctement. [] []
[2024-09-26T09:23:48.190099+00:00] monitor_logger.INFO: Le serveur fonctionne correctement. [] []
[2024-09-26T09:23:53.211096+00:00] monitor_logger.INFO: Le serveur fonctionne correctement. [] []
[2024-09-26T09:24:49.588371+00:00] monitor_logger.INFO: Le serveur fonctionne correctement. [] []
[2024-09-26T09:25:56.563960+00:00] monitor_logger.INFO: Le serveur fonctionne correctement. [] []
[2024-09-26T09:28:18.024729+00:00] monitor_logger.INFO: Le serveur fonctionne correctement. [] []
[2024-09-26T09:29:25.464196+00:00] monitor_logger.WARNING: Le serveur n'est pas en cours d'exécution. Tentative de redémarrage... [] []
[2024-09-26T09:29:25.465595+00:00] monitor_logger.INFO: Démarrage du serveur... [] []
[2024-09-26T09:29:25.468566+00:00] monitor_logger.ERROR: Échec de l'envoi de l'email de notification à cedric.hourde@gmail.com. [] []
[2024-09-26T09:29:25.468939+00:00] monitor_logger.INFO: Le serveur a été redémarré avec succès. [] []
[2024-09-26T09:29:31.027865+00:00] monitor_logger.INFO: Le serveur fonctionne correctement. [] []
[2024-09-26T09:35:20.457343+00:00] monitor_logger.INFO: Le serveur fonctionne correctement. [] []
[2024-09-26T09:39:01.292692+00:00] monitor_logger.INFO: Le serveur fonctionne correctement. [] []
[2024-09-26T09:40:01.384997+00:00] monitor_logger.INFO: Le serveur fonctionne correctement. [] []
[2024-09-26T09:41:01.466948+00:00] monitor_logger.INFO: Le serveur fonctionne correctement. [] []
[2024-09-26T09:42:01.592649+00:00] monitor_logger.INFO: Le serveur fonctionne correctement. [] []
[2024-09-26T09:43:01.672216+00:00] monitor_logger.INFO: Le serveur fonctionne correctement. [] []
[2024-09-26T09:44:01.800093+00:00] monitor_logger.INFO: Le serveur fonctionne correctement. [] []
[2024-09-26T09:45:01.884990+00:00] monitor_logger.INFO: Le serveur fonctionne correctement. [] []
[2024-09-26T09:46:01.962265+00:00] monitor_logger.INFO: Le serveur fonctionne correctement. [] []
[2024-09-26T09:47:02.090944+00:00] monitor_logger.INFO: Le serveur fonctionne correctement. [] []
[2024-09-26T09:48:01.178859+00:00] monitor_logger.INFO: Le serveur fonctionne correctement. [] []
[2024-09-26T09:49:01.254250+00:00] monitor_logger.INFO: Le serveur fonctionne correctement. [] []
[2024-09-26T09:50:01.381196+00:00] monitor_logger.INFO: Le serveur fonctionne correctement. [] []
[2024-09-26T09:51:01.464862+00:00] monitor_logger.INFO: Le serveur fonctionne correctement. [] []
[2024-09-26T09:52:01.592644+00:00] monitor_logger.INFO: Le serveur fonctionne correctement. [] []
[2024-09-26T09:53:01.693930+00:00] monitor_logger.INFO: Le serveur fonctionne correctement. [] []
[2024-09-26T09:54:01.828010+00:00] monitor_logger.INFO: Le serveur fonctionne correctement. [] []
[2024-09-26T09:55:01.953031+00:00] monitor_logger.INFO: Le serveur fonctionne correctement. [] []
[2024-09-26T09:56:02.044563+00:00] monitor_logger.INFO: Le serveur fonctionne correctement. [] []
[2024-09-26T09:58:02.098502+00:00] monitor_logger.WARNING: Le serveur n'est pas en cours d'exécution. Tentative de redémarrage... [] []
[2024-09-26T09:58:02.102995+00:00] monitor_logger.INFO: Démarrage du serveur... [] []
[2024-09-26T09:58:02.105746+00:00] monitor_logger.ERROR: Échec de l'envoi de l'email de notification à cedric.hourde@gmail.com. [] []
[2024-09-26T09:58:02.105856+00:00] monitor_logger.INFO: Le serveur a été redémarré avec succès. [] []
[2024-09-26T09:59:01.299565+00:00] monitor_logger.INFO: Le serveur fonctionne correctement. [] []
[2024-09-26T10:00:01.452542+00:00] monitor_logger.INFO: Le serveur fonctionne correctement. [] []
[2024-09-26T10:01:01.534918+00:00] monitor_logger.INFO: Le serveur fonctionne correctement. [] []
[2024-09-26T10:02:01.610258+00:00] monitor_logger.INFO: Le serveur fonctionne correctement. [] []
[2024-09-26T10:03:01.727665+00:00] monitor_logger.INFO: Le serveur fonctionne correctement. [] []
[2024-09-26T10:04:01.808231+00:00] monitor_logger.INFO: Le serveur fonctionne correctement. [] []
[2024-09-26T10:05:01.945880+00:00] monitor_logger.INFO: Le serveur fonctionne correctement. [] []
[2024-09-26T10:06:02.078229+00:00] monitor_logger.INFO: Le serveur fonctionne correctement. [] []
[2024-09-26T10:07:01.160350+00:00] monitor_logger.WARNING: Le serveur n'est pas en cours d'exécution. Tentative de redémarrage... [] []
[2024-09-26T10:07:01.161687+00:00] monitor_logger.INFO: Démarrage du serveur... [] []
[2024-09-26T10:07:01.165786+00:00] monitor_logger.ERROR: Échec de l'envoi de l'email de notification à cedric.hourde@gmail.com. [] []
[2024-09-26T10:07:01.165965+00:00] monitor_logger.INFO: Le serveur a été redémarré avec succès. [] []
[2024-09-26T10:08:01.243356+00:00] monitor_logger.INFO: Le serveur fonctionne correctement. [] []
[2024-09-26T10:09:01.356240+00:00] monitor_logger.INFO: Le serveur fonctionne correctement. [] []
[2024-09-26T10:10:01.446912+00:00] monitor_logger.INFO: Le serveur fonctionne correctement. [] []
[2024-09-26T10:11:01.573177+00:00] monitor_logger.WARNING: Le serveur n'est pas en cours d'exécution. Tentative de redémarrage... [] []
[2024-09-26T10:11:01.575014+00:00] monitor_logger.INFO: Démarrage du serveur... [] []
[2024-09-26T10:11:01.578944+00:00] monitor_logger.ERROR: Échec de l'envoi de l'email de notification à cedric.hourde@gmail.com. [] []
[2024-09-26T10:11:01.579125+00:00] monitor_logger.INFO: Le serveur a été redémarré avec succès. [] []
[2024-09-26T10:12:01.670745+00:00] monitor_logger.INFO: Le serveur fonctionne correctement. [] []
[2024-09-26T10:13:01.797928+00:00] monitor_logger.WARNING: Le serveur n'est pas en cours d'exécution. Tentative de redémarrage... [] []
[2024-09-26T10:13:01.799713+00:00] monitor_logger.INFO: Démarrage du serveur... [] []
[2024-09-26T10:13:01.806868+00:00] monitor_logger.ERROR: Échec de l'envoi de l'email de notification à cedric.hourde@gmail.com. [] []
[2024-09-26T10:13:01.807064+00:00] monitor_logger.INFO: Le serveur a été redémarré avec succès. [] []
[2024-09-26T10:14:01.887175+00:00] monitor_logger.INFO: Le serveur fonctionne correctement. [] []
[2024-09-26T10:15:02.019538+00:00] monitor_logger.INFO: Le serveur fonctionne correctement. [] []
[2024-09-26T10:16:01.099822+00:00] monitor_logger.INFO: Le serveur fonctionne correctement. [] []
[2024-09-26T10:17:01.176575+00:00] monitor_logger.WARNING: Le serveur n'est pas en cours d'exécution. Tentative de redémarrage... [] []
[2024-09-26T10:17:01.177739+00:00] monitor_logger.INFO: Démarrage du serveur... [] []
[2024-09-26T10:17:01.180921+00:00] monitor_logger.ERROR: Échec de l'envoi de l'email de notification à cedric.hourde@gmail.com. [] []
[2024-09-26T10:17:01.181053+00:00] monitor_logger.INFO: Le serveur a été redémarré avec succès. [] []
[2024-09-26T10:18:01.256296+00:00] monitor_logger.INFO: Le serveur fonctionne correctement. [] []
[2024-09-26T10:19:01.331315+00:00] monitor_logger.INFO: Le serveur fonctionne correctement. [] []
[2024-09-26T10:20:01.481113+00:00] monitor_logger.WARNING: Le serveur n'est pas en cours d'exécution. Tentative de redémarrage... [] []
[2024-09-26T10:20:01.484734+00:00] monitor_logger.INFO: Démarrage du serveur... [] []
[2024-09-26T10:20:01.494545+00:00] monitor_logger.ERROR: Échec de l'envoi de l'email de notification à cedric.hourde@gmail.com. [] []
[2024-09-26T10:20:01.494740+00:00] monitor_logger.INFO: Le serveur a été redémarré avec succès. [] []
[2024-09-26T10:21:01.580959+00:00] monitor_logger.INFO: Le serveur fonctionne correctement. [] []
[2024-09-26T10:22:01.710737+00:00] monitor_logger.WARNING: Le serveur n'est pas en cours d'exécution. Tentative de redémarrage... [] []
[2024-09-26T10:22:01.712765+00:00] monitor_logger.INFO: Démarrage du serveur... [] []
[2024-09-26T10:22:01.717730+00:00] monitor_logger.ERROR: Échec de l'envoi de l'email de notification à cedric.hourde@gmail.com. [] []
[2024-09-26T10:22:01.717909+00:00] monitor_logger.INFO: Le serveur a été redémarré avec succès. [] []
[2024-09-26T10:23:01.825058+00:00] monitor_logger.INFO: Le serveur fonctionne correctement. [] []
[2024-09-26T10:24:01.940295+00:00] monitor_logger.WARNING: Le serveur n'est pas en cours d'exécution. Tentative de redémarrage... [] []
[2024-09-26T10:24:01.942333+00:00] monitor_logger.INFO: Démarrage du serveur... [] []
[2024-09-26T10:24:01.947712+00:00] monitor_logger.ERROR: Échec de l'envoi de l'email de notification à cedric.hourde@gmail.com. [] []
[2024-09-26T10:24:01.947904+00:00] monitor_logger.INFO: Le serveur a été redémarré avec succès. [] []
[2024-09-26T12:25:02.084539+02:00] monitor_logger.INFO: Le serveur fonctionne correctement. [] []
[2024-09-26T12:26:01.164396+02:00] monitor_logger.WARNING: Le serveur n'est pas en cours d'exécution. Tentative de redémarrage... [] []
[2024-09-26T12:26:01.165511+02:00] monitor_logger.INFO: Démarrage du serveur... [] []
[2024-09-26T12:26:01.168384+02:00] monitor_logger.ERROR: Échec de l'envoi de l'email de notification à cedric.hourde@gmail.com. [] []
[2024-09-26T12:26:01.168563+02:00] monitor_logger.INFO: Le serveur a été redémarré avec succès. [] []
[2024-09-26T12:27:01.244656+02:00] monitor_logger.INFO: Le serveur fonctionne correctement. [] []
[2024-09-26T12:28:01.370215+02:00] monitor_logger.INFO: Le serveur fonctionne correctement. [] []
[2024-09-26T12:28:16.167849+02:00] monitor_server.INFO: Le serveur a été démarré. [] []
[2024-09-26T12:28:16.168155+02:00] monitor_server.INFO: Le fichier de verrouillage a été supprimé. [] []
[2024-09-26T12:29:01.451083+02:00] monitor_logger.INFO: Le serveur fonctionne correctement. [] []
[2024-09-26T12:29:33.904983+02:00] monitor_server.INFO: Processus en cours (avant tentative de kill): {"processes":["2823","2927"]} []
[2024-09-26T12:29:33.919877+02:00] monitor_server.INFO: Processus 2823 tué. [] []
[2024-09-26T12:29:33.932924+02:00] monitor_server.INFO: Processus 2927 tué. [] []
[2024-09-26T12:29:35.956728+02:00] monitor_server.WARNING: Certains processus server.php sont toujours actifs après tentative de kill. {"remaining_processes":["2935"]} []
[2024-09-26T12:29:35.956926+02:00] monitor_server.INFO: Le serveur a été arrêté manuellement et le fichier de verrouillage créé. [] []
[2024-09-26T12:30:01.595674+02:00] monitor_logger.WARNING: Le serveur n'est pas en cours d'exécution. Tentative de redémarrage... [] []
[2024-09-26T12:30:01.597827+02:00] monitor_logger.INFO: Démarrage du serveur... [] []
[2024-09-26T12:30:01.602887+02:00] monitor_logger.ERROR: Échec de l'envoi de l'email de notification à cedric.hourde@gmail.com. [] []
[2024-09-26T12:30:01.603101+02:00] monitor_logger.INFO: Le serveur a été redémarré avec succès. [] []
[2024-09-26T12:31:01.729106+02:00] monitor_logger.INFO: Le serveur fonctionne correctement. [] []
[2024-09-26T12:32:01.852317+02:00] monitor_logger.INFO: Le serveur fonctionne correctement. [] []
[2024-09-26T12:32:36.350159+02:00] monitor_server.INFO: Processus en cours (avant tentative de kill): {"processes":["2949","3003"]} []
[2024-09-26T12:32:36.363581+02:00] monitor_server.INFO: Processus 2949 tué. [] []
[2024-09-26T12:32:36.375456+02:00] monitor_server.INFO: Processus 3003 tué. [] []
[2024-09-26T12:32:38.399352+02:00] monitor_server.WARNING: Certains processus server.php sont toujours actifs après tentative de kill. {"remaining_processes":["3011"]} []
[2024-09-26T12:32:38.399554+02:00] monitor_server.INFO: Le serveur a été arrêté manuellement et le fichier de verrouillage créé. [] []
[2024-09-26T12:33:01.917528+02:00] monitor_logger.INFO: Le fichier de verrouillage est présent. Le serveur a été arrêté manuellement. [] []
[2024-09-26T12:34:02.003064+02:00] monitor_logger.INFO: --------- Le fichier de verrouillage est présent. Le serveur a été arrêté manuellement. [] []
[2024-09-26T12:34:30.948232+02:00] monitor_server.INFO: Le serveur a été démarré. [] []
[2024-09-26T12:34:30.948659+02:00] monitor_server.INFO: Le fichier de verrouillage a été supprimé. [] []
[2024-09-26T12:35:01.085373+02:00] monitor_logger.INFO: Résultat du grep pour vérifier le statut du serveur. {"output":["www-data    3064  0.1  0.4 104596 33492 ?        S    12:34   0:00 php /var/www/html/server.php"]} []
[2024-09-26T12:35:01.086876+02:00] monitor_logger.INFO: Le serveur fonctionne correctement. [] []
