[2024-09-27T16:34:41.351745+02:00] monitor_server.INFO: Processus en cours (avant tentative de kill): {"processes":["27086","27511"]} []
[2024-09-27T16:34:41.364519+02:00] monitor_server.INFO: Processus 27086 tué. [] []
[2024-09-27T16:34:41.378249+02:00] monitor_server.INFO: Processus 27511 tué. [] []
[2024-09-27T16:34:43.403594+02:00] monitor_server.WARNING: Certains processus server.php sont toujours actifs après tentative de kill. {"remaining_processes":["27519"]} []
[2024-09-27T16:34:47.915821+02:00] monitor_server.INFO: Le serveur a été démarré. [] []
[2024-09-27T16:34:47.916169+02:00] monitor_server.INFO: Fichier de verrouillage supprimé après démarrage du serveur. [] []
[2024-09-27T16:37:51.026883+02:00] monitor_server.INFO: Processus en cours (avant tentative de kill): {"processes":["27522","27641"]} []
[2024-09-27T16:37:51.042114+02:00] monitor_server.INFO: Processus 27522 tué. [] []
[2024-09-27T16:37:51.056037+02:00] monitor_server.INFO: Processus 27641 tué. [] []
[2024-09-27T16:37:53.079956+02:00] monitor_server.WARNING: Certains processus server.php sont toujours actifs après tentative de kill. {"remaining_processes":["27649"]} []
[2024-09-27T16:37:53.932481+02:00] monitor_server.INFO: Le serveur a été démarré. [] []
[2024-09-27T16:37:53.932781+02:00] monitor_server.INFO: Fichier de verrouillage supprimé après démarrage du serveur. [] []
[2024-09-27T16:47:36.683765+02:00] monitor_server.INFO: Processus en cours (avant tentative de kill): {"processes":["27652","28109"]} []
[2024-09-27T16:47:36.696679+02:00] monitor_server.INFO: Processus 27652 tué. [] []
[2024-09-27T16:47:36.708847+02:00] monitor_server.INFO: Processus 28109 tué. [] []
[2024-09-27T16:47:38.734374+02:00] monitor_server.WARNING: Certains processus server.php sont toujours actifs après tentative de kill. {"remaining_processes":["28117"]} []
[2024-09-27T16:47:44.039142+02:00] monitor_server.INFO: Le serveur a été démarré. [] []
[2024-09-27T16:47:44.039608+02:00] monitor_server.INFO: Fichier de verrouillage supprimé après démarrage du serveur. [] []
[2024-09-27T16:48:53.244147+02:00] monitor_server.INFO: Processus en cours (avant tentative de kill): {"processes":["28120","28180"]} []
[2024-09-27T16:48:53.256423+02:00] monitor_server.INFO: Processus 28120 tué. [] []
[2024-09-27T16:48:53.269370+02:00] monitor_server.INFO: Processus 28180 tué. [] []
[2024-09-27T16:48:55.293536+02:00] monitor_server.WARNING: Certains processus server.php sont toujours actifs après tentative de kill. {"remaining_processes":["28188"]} []
[2024-09-27T16:55:21.159470+02:00] monitor_server.INFO: Le serveur a été démarré. [] []
[2024-09-27T16:55:21.159843+02:00] monitor_server.INFO: Fichier de verrouillage supprimé après démarrage du serveur. [] []
[2024-09-27T17:08:24.833946+02:00] monitor_server.INFO: Processus en cours (avant tentative de kill): {"processes":["28293","28610"]} []
[2024-09-27T17:08:24.847708+02:00] monitor_server.INFO: Processus 28293 tué. [] []
[2024-09-27T17:08:24.863163+02:00] monitor_server.INFO: Processus 28610 tué. [] []
[2024-09-27T17:08:26.887595+02:00] monitor_server.WARNING: Certains processus server.php sont toujours actifs après tentative de kill. {"remaining_processes":["28619"]} []
[2024-09-27T17:08:29.509032+02:00] monitor_server.INFO: Le serveur a été démarré. [] []
[2024-09-27T17:08:29.509419+02:00] monitor_server.INFO: Fichier de verrouillage supprimé après démarrage du serveur. [] []
