[2024-09-27T17:08:29.553435+02:00] minesweeper_logger.INFO: MinesweeperServer started! [] []
PHP Deprecated:  Creation of dynamic property React\Socket\Connection::$decor is deprecated in /var/www/html/vendor/cboden/ratchet/src/Ratchet/Server/IoServer.php on line 83

Deprecated: Creation of dynamic property React\Socket\Connection::$decor is deprecated in /var/www/html/vendor/cboden/ratchet/src/Ratchet/Server/IoServer.php on line 83
PHP Deprecated:  Creation of dynamic property Ratchet\Server\IoConnection::$resourceId is deprecated in /var/www/html/vendor/cboden/ratchet/src/Ratchet/Server/IoServer.php on line 84

Deprecated: Creation of dynamic property Ratchet\Server\IoConnection::$resourceId is deprecated in /var/www/html/vendor/cboden/ratchet/src/Ratchet/Server/IoServer.php on line 84
PHP Deprecated:  Creation of dynamic property Ratchet\Server\IoConnection::$remoteAddress is deprecated in /var/www/html/vendor/cboden/ratchet/src/Ratchet/Server/IoServer.php on line 87

Deprecated: Creation of dynamic property Ratchet\Server\IoConnection::$remoteAddress is deprecated in /var/www/html/vendor/cboden/ratchet/src/Ratchet/Server/IoServer.php on line 87
PHP Deprecated:  Creation of dynamic property Ratchet\Server\IoConnection::$httpHeadersReceived is deprecated in /var/www/html/vendor/cboden/ratchet/src/Ratchet/Http/HttpServer.php on line 33

Deprecated: Creation of dynamic property Ratchet\Server\IoConnection::$httpHeadersReceived is deprecated in /var/www/html/vendor/cboden/ratchet/src/Ratchet/Http/HttpServer.php on line 33
PHP Deprecated:  Creation of dynamic property React\Socket\Connection::$decor is deprecated in /var/www/html/vendor/cboden/ratchet/src/Ratchet/Server/IoServer.php on line 83

Deprecated: Creation of dynamic property React\Socket\Connection::$decor is deprecated in /var/www/html/vendor/cboden/ratchet/src/Ratchet/Server/IoServer.php on line 83
PHP Deprecated:  Creation of dynamic property Ratchet\Server\IoConnection::$resourceId is deprecated in /var/www/html/vendor/cboden/ratchet/src/Ratchet/Server/IoServer.php on line 84

Deprecated: Creation of dynamic property Ratchet\Server\IoConnection::$resourceId is deprecated in /var/www/html/vendor/cboden/ratchet/src/Ratchet/Server/IoServer.php on line 84
PHP Deprecated:  Creation of dynamic property Ratchet\Server\IoConnection::$remoteAddress is deprecated in /var/www/html/vendor/cboden/ratchet/src/Ratchet/Server/IoServer.php on line 87

Deprecated: Creation of dynamic property Ratchet\Server\IoConnection::$remoteAddress is deprecated in /var/www/html/vendor/cboden/ratchet/src/Ratchet/Server/IoServer.php on line 87
PHP Deprecated:  Creation of dynamic property Ratchet\Server\IoConnection::$httpHeadersReceived is deprecated in /var/www/html/vendor/cboden/ratchet/src/Ratchet/Http/HttpServer.php on line 33

Deprecated: Creation of dynamic property Ratchet\Server\IoConnection::$httpHeadersReceived is deprecated in /var/www/html/vendor/cboden/ratchet/src/Ratchet/Http/HttpServer.php on line 33
PHP Deprecated:  Creation of dynamic property Ratchet\Server\IoConnection::$httpBuffer is deprecated in /var/www/html/vendor/cboden/ratchet/src/Ratchet/Http/HttpRequestParser.php on line 30

Deprecated: Creation of dynamic property Ratchet\Server\IoConnection::$httpBuffer is deprecated in /var/www/html/vendor/cboden/ratchet/src/Ratchet/Http/HttpRequestParser.php on line 30
PHP Deprecated:  Creation of dynamic property Ratchet\Server\IoConnection::$httpRequest is deprecated in /var/www/html/vendor/cboden/ratchet/src/Ratchet/WebSocket/WsServer.php on line 112

Deprecated: Creation of dynamic property Ratchet\Server\IoConnection::$httpRequest is deprecated in /var/www/html/vendor/cboden/ratchet/src/Ratchet/WebSocket/WsServer.php on line 112
PHP Deprecated:  Creation of dynamic property Ratchet\Server\IoConnection::$WebSocket is deprecated in /var/www/html/vendor/cboden/ratchet/src/Ratchet/WebSocket/WsServer.php on line 114

Deprecated: Creation of dynamic property Ratchet\Server\IoConnection::$WebSocket is deprecated in /var/www/html/vendor/cboden/ratchet/src/Ratchet/WebSocket/WsServer.php on line 114
[2024-09-27T17:08:29.901062+02:00] minesweeper_logger.INFO: Nouvelle connexion ! (76) [] []
PHP Deprecated:  Creation of dynamic property Ratchet\Server\IoConnection::$httpBuffer is deprecated in /var/www/html/vendor/cboden/ratchet/src/Ratchet/Http/HttpRequestParser.php on line 30

Deprecated: Creation of dynamic property Ratchet\Server\IoConnection::$httpBuffer is deprecated in /var/www/html/vendor/cboden/ratchet/src/Ratchet/Http/HttpRequestParser.php on line 30
PHP Deprecated:  Creation of dynamic property Ratchet\Server\IoConnection::$httpRequest is deprecated in /var/www/html/vendor/cboden/ratchet/src/Ratchet/WebSocket/WsServer.php on line 112

Deprecated: Creation of dynamic property Ratchet\Server\IoConnection::$httpRequest is deprecated in /var/www/html/vendor/cboden/ratchet/src/Ratchet/WebSocket/WsServer.php on line 112
PHP Deprecated:  Creation of dynamic property Ratchet\Server\IoConnection::$WebSocket is deprecated in /var/www/html/vendor/cboden/ratchet/src/Ratchet/WebSocket/WsServer.php on line 114

Deprecated: Creation of dynamic property Ratchet\Server\IoConnection::$WebSocket is deprecated in /var/www/html/vendor/cboden/ratchet/src/Ratchet/WebSocket/WsServer.php on line 114
[2024-09-27T17:08:29.901537+02:00] minesweeper_logger.INFO: Nouvelle connexion ! (87) [] []
PHP Deprecated:  Creation of dynamic property React\Socket\Connection::$decor is deprecated in /var/www/html/vendor/cboden/ratchet/src/Ratchet/Server/IoServer.php on line 83

Deprecated: Creation of dynamic property React\Socket\Connection::$decor is deprecated in /var/www/html/vendor/cboden/ratchet/src/Ratchet/Server/IoServer.php on line 83
PHP Deprecated:  Creation of dynamic property Ratchet\Server\IoConnection::$resourceId is deprecated in /var/www/html/vendor/cboden/ratchet/src/Ratchet/Server/IoServer.php on line 84

Deprecated: Creation of dynamic property Ratchet\Server\IoConnection::$resourceId is deprecated in /var/www/html/vendor/cboden/ratchet/src/Ratchet/Server/IoServer.php on line 84
PHP Deprecated:  Creation of dynamic property Ratchet\Server\IoConnection::$remoteAddress is deprecated in /var/www/html/vendor/cboden/ratchet/src/Ratchet/Server/IoServer.php on line 87

Deprecated: Creation of dynamic property Ratchet\Server\IoConnection::$remoteAddress is deprecated in /var/www/html/vendor/cboden/ratchet/src/Ratchet/Server/IoServer.php on line 87
PHP Deprecated:  Creation of dynamic property Ratchet\Server\IoConnection::$httpHeadersReceived is deprecated in /var/www/html/vendor/cboden/ratchet/src/Ratchet/Http/HttpServer.php on line 33

Deprecated: Creation of dynamic property Ratchet\Server\IoConnection::$httpHeadersReceived is deprecated in /var/www/html/vendor/cboden/ratchet/src/Ratchet/Http/HttpServer.php on line 33
PHP Deprecated:  Creation of dynamic property Ratchet\Server\IoConnection::$httpBuffer is deprecated in /var/www/html/vendor/cboden/ratchet/src/Ratchet/Http/HttpRequestParser.php on line 30

Deprecated: Creation of dynamic property Ratchet\Server\IoConnection::$httpBuffer is deprecated in /var/www/html/vendor/cboden/ratchet/src/Ratchet/Http/HttpRequestParser.php on line 30
PHP Deprecated:  Creation of dynamic property Ratchet\Server\IoConnection::$httpRequest is deprecated in /var/www/html/vendor/cboden/ratchet/src/Ratchet/WebSocket/WsServer.php on line 112

Deprecated: Creation of dynamic property Ratchet\Server\IoConnection::$httpRequest is deprecated in /var/www/html/vendor/cboden/ratchet/src/Ratchet/WebSocket/WsServer.php on line 112
PHP Deprecated:  Creation of dynamic property Ratchet\Server\IoConnection::$WebSocket is deprecated in /var/www/html/vendor/cboden/ratchet/src/Ratchet/WebSocket/WsServer.php on line 114

Deprecated: Creation of dynamic property Ratchet\Server\IoConnection::$WebSocket is deprecated in /var/www/html/vendor/cboden/ratchet/src/Ratchet/WebSocket/WsServer.php on line 114
[2024-09-27T17:08:29.921660+02:00] minesweeper_logger.INFO: Nouvelle connexion ! (109) [] []
[2024-09-27T17:08:29.923981+02:00] minesweeper_logger.INFO: IN  :{"type":"get_player_count"} [] []
[2024-09-27T17:08:29.924116+02:00] minesweeper_logger.INFO: OUT: {"type":"player_count","connectedPlayers":0,"gamesInProgress":0} [] []
[2024-09-27T17:08:30.384968+02:00] minesweeper_logger.INFO: IN  :{"type":"get_player_count"} [] []
[2024-09-27T17:08:30.385197+02:00] minesweeper_logger.INFO: OUT: {"type":"player_count","connectedPlayers":0,"gamesInProgress":0} [] []
[2024-09-27T17:08:31.526070+02:00] minesweeper_logger.INFO: IN  :{"type":"login","username":"FoZzY","password":"XUgrute8"} [] []
[2024-09-27T17:08:31.595620+02:00] minesweeper_logger.INFO: OUT:{"type":"login_success","playerId":1,"username":"FoZzY","players":[{"id":1,"username":"FoZzY"}]} [] []
[2024-09-27T17:08:31.595867+02:00] minesweeper_logger.INFO: OUT:{"type":"connected_players","playerId":76,"players":[{"id":1,"username":"FoZzY"}]} [] []
[2024-09-27T17:08:31.595967+02:00] minesweeper_logger.INFO: OUT:{"type":"connected_players","playerId":76,"players":[{"id":1,"username":"FoZzY"}]} [] []
[2024-09-27T17:08:31.596043+02:00] minesweeper_logger.INFO: OUT:{"type":"connected_players","playerId":76,"players":[{"id":1,"username":"FoZzY"}]} [] []
[2024-09-27T17:08:32.548040+02:00] minesweeper_logger.INFO: IN  :{"type":"login","username":"Jimbo","password":"XUgrute8"} [] []
[2024-09-27T17:08:32.612318+02:00] minesweeper_logger.INFO: OUT:{"type":"login_success","playerId":2,"username":"Jimbo","players":[{"id":1,"username":"FoZzY"},{"id":2,"username":"Jimbo"}]} [] []
[2024-09-27T17:08:32.612517+02:00] minesweeper_logger.INFO: OUT:{"type":"connected_players","playerId":87,"players":[{"id":1,"username":"FoZzY"},{"id":2,"username":"Jimbo"}]} [] []
[2024-09-27T17:08:32.612600+02:00] minesweeper_logger.INFO: OUT:{"type":"connected_players","playerId":87,"players":[{"id":1,"username":"FoZzY"},{"id":2,"username":"Jimbo"}]} [] []
[2024-09-27T17:08:32.612668+02:00] minesweeper_logger.INFO: OUT:{"type":"connected_players","playerId":87,"players":[{"id":1,"username":"FoZzY"},{"id":2,"username":"Jimbo"}]} [] []
PHP Deprecated:  Creation of dynamic property React\Socket\Connection::$decor is deprecated in /var/www/html/vendor/cboden/ratchet/src/Ratchet/Server/IoServer.php on line 83

Deprecated: Creation of dynamic property React\Socket\Connection::$decor is deprecated in /var/www/html/vendor/cboden/ratchet/src/Ratchet/Server/IoServer.php on line 83
PHP Deprecated:  Creation of dynamic property Ratchet\Server\IoConnection::$resourceId is deprecated in /var/www/html/vendor/cboden/ratchet/src/Ratchet/Server/IoServer.php on line 84

Deprecated: Creation of dynamic property Ratchet\Server\IoConnection::$resourceId is deprecated in /var/www/html/vendor/cboden/ratchet/src/Ratchet/Server/IoServer.php on line 84
PHP Deprecated:  Creation of dynamic property Ratchet\Server\IoConnection::$remoteAddress is deprecated in /var/www/html/vendor/cboden/ratchet/src/Ratchet/Server/IoServer.php on line 87

Deprecated: Creation of dynamic property Ratchet\Server\IoConnection::$remoteAddress is deprecated in /var/www/html/vendor/cboden/ratchet/src/Ratchet/Server/IoServer.php on line 87
PHP Deprecated:  Creation of dynamic property Ratchet\Server\IoConnection::$httpHeadersReceived is deprecated in /var/www/html/vendor/cboden/ratchet/src/Ratchet/Http/HttpServer.php on line 33

Deprecated: Creation of dynamic property Ratchet\Server\IoConnection::$httpHeadersReceived is deprecated in /var/www/html/vendor/cboden/ratchet/src/Ratchet/Http/HttpServer.php on line 33
PHP Deprecated:  Creation of dynamic property Ratchet\Server\IoConnection::$httpBuffer is deprecated in /var/www/html/vendor/cboden/ratchet/src/Ratchet/Http/HttpRequestParser.php on line 30

Deprecated: Creation of dynamic property Ratchet\Server\IoConnection::$httpBuffer is deprecated in /var/www/html/vendor/cboden/ratchet/src/Ratchet/Http/HttpRequestParser.php on line 30
PHP Deprecated:  Creation of dynamic property Ratchet\Server\IoConnection::$httpRequest is deprecated in /var/www/html/vendor/cboden/ratchet/src/Ratchet/WebSocket/WsServer.php on line 112

Deprecated: Creation of dynamic property Ratchet\Server\IoConnection::$httpRequest is deprecated in /var/www/html/vendor/cboden/ratchet/src/Ratchet/WebSocket/WsServer.php on line 112
PHP Deprecated:  Creation of dynamic property Ratchet\Server\IoConnection::$WebSocket is deprecated in /var/www/html/vendor/cboden/ratchet/src/Ratchet/WebSocket/WsServer.php on line 114

Deprecated: Creation of dynamic property Ratchet\Server\IoConnection::$WebSocket is deprecated in /var/www/html/vendor/cboden/ratchet/src/Ratchet/WebSocket/WsServer.php on line 114
[2024-09-27T17:08:33.005235+02:00] minesweeper_logger.INFO: Nouvelle connexion ! (152) [] []
[2024-09-27T17:08:33.158527+02:00] minesweeper_logger.INFO: IN  :{"type":"get_player_count"} [] []
[2024-09-27T17:08:33.158707+02:00] minesweeper_logger.INFO: OUT: {"type":"player_count","connectedPlayers":2,"gamesInProgress":0} [] []
[2024-09-27T17:08:36.536125+02:00] minesweeper_logger.INFO: IN  :{"type":"get_player_count"} [] []
[2024-09-27T17:08:36.536339+02:00] minesweeper_logger.INFO: OUT: {"type":"player_count","connectedPlayers":2,"gamesInProgress":0} [] []
[2024-09-27T17:08:36.560067+02:00] minesweeper_logger.INFO: IN  :{"type":"get_player_count"} [] []
[2024-09-27T17:08:36.560241+02:00] minesweeper_logger.INFO: OUT: {"type":"player_count","connectedPlayers":2,"gamesInProgress":0} [] []
[2024-09-27T17:08:36.560425+02:00] minesweeper_logger.INFO: IN  :{"type":"get_player_count"} [] []
[2024-09-27T17:08:36.560513+02:00] minesweeper_logger.INFO: OUT: {"type":"player_count","connectedPlayers":2,"gamesInProgress":0} [] []
[2024-09-27T17:08:36.768880+02:00] minesweeper_logger.INFO: Connexion fermée pour le joueur 76 [] []
[2024-09-27T17:08:36.769048+02:00] minesweeper_logger.INFO: OUT:{"type":"connected_players","playerId":76,"players":[{"id":2,"username":"Jimbo"}]} [] []
[2024-09-27T17:08:36.769130+02:00] minesweeper_logger.INFO: OUT:{"type":"connected_players","playerId":76,"players":[{"id":2,"username":"Jimbo"}]} [] []
[2024-09-27T17:08:36.769189+02:00] minesweeper_logger.INFO: OUT:{"type":"connected_players","playerId":76,"players":[{"id":2,"username":"Jimbo"}]} [] []
PHP Deprecated:  Creation of dynamic property React\Socket\Connection::$decor is deprecated in /var/www/html/vendor/cboden/ratchet/src/Ratchet/Server/IoServer.php on line 83

Deprecated: Creation of dynamic property React\Socket\Connection::$decor is deprecated in /var/www/html/vendor/cboden/ratchet/src/Ratchet/Server/IoServer.php on line 83
PHP Deprecated:  Creation of dynamic property Ratchet\Server\IoConnection::$resourceId is deprecated in /var/www/html/vendor/cboden/ratchet/src/Ratchet/Server/IoServer.php on line 84

Deprecated: Creation of dynamic property Ratchet\Server\IoConnection::$resourceId is deprecated in /var/www/html/vendor/cboden/ratchet/src/Ratchet/Server/IoServer.php on line 84
PHP Deprecated:  Creation of dynamic property Ratchet\Server\IoConnection::$remoteAddress is deprecated in /var/www/html/vendor/cboden/ratchet/src/Ratchet/Server/IoServer.php on line 87

Deprecated: Creation of dynamic property Ratchet\Server\IoConnection::$remoteAddress is deprecated in /var/www/html/vendor/cboden/ratchet/src/Ratchet/Server/IoServer.php on line 87
PHP Deprecated:  Creation of dynamic property Ratchet\Server\IoConnection::$httpHeadersReceived is deprecated in /var/www/html/vendor/cboden/ratchet/src/Ratchet/Http/HttpServer.php on line 33

Deprecated: Creation of dynamic property Ratchet\Server\IoConnection::$httpHeadersReceived is deprecated in /var/www/html/vendor/cboden/ratchet/src/Ratchet/Http/HttpServer.php on line 33
PHP Deprecated:  Creation of dynamic property Ratchet\Server\IoConnection::$httpBuffer is deprecated in /var/www/html/vendor/cboden/ratchet/src/Ratchet/Http/HttpRequestParser.php on line 30

Deprecated: Creation of dynamic property Ratchet\Server\IoConnection::$httpBuffer is deprecated in /var/www/html/vendor/cboden/ratchet/src/Ratchet/Http/HttpRequestParser.php on line 30
PHP Deprecated:  Creation of dynamic property Ratchet\Server\IoConnection::$httpRequest is deprecated in /var/www/html/vendor/cboden/ratchet/src/Ratchet/WebSocket/WsServer.php on line 112

Deprecated: Creation of dynamic property Ratchet\Server\IoConnection::$httpRequest is deprecated in /var/www/html/vendor/cboden/ratchet/src/Ratchet/WebSocket/WsServer.php on line 112
PHP Deprecated:  Creation of dynamic property Ratchet\Server\IoConnection::$WebSocket is deprecated in /var/www/html/vendor/cboden/ratchet/src/Ratchet/WebSocket/WsServer.php on line 114

Deprecated: Creation of dynamic property Ratchet\Server\IoConnection::$WebSocket is deprecated in /var/www/html/vendor/cboden/ratchet/src/Ratchet/WebSocket/WsServer.php on line 114
[2024-09-27T17:08:36.948120+02:00] minesweeper_logger.INFO: Nouvelle connexion ! (155) [] []
[2024-09-27T17:08:37.854389+02:00] minesweeper_logger.INFO: Connexion fermée pour le joueur 87 [] []
[2024-09-27T17:08:37.854628+02:00] minesweeper_logger.INFO: OUT:{"type":"connected_players","playerId":87,"players":[]} [] []
[2024-09-27T17:08:37.854712+02:00] minesweeper_logger.INFO: OUT:{"type":"connected_players","playerId":87,"players":[]} [] []
[2024-09-27T17:08:37.854778+02:00] minesweeper_logger.INFO: OUT:{"type":"connected_players","playerId":87,"players":[]} [] []
PHP Deprecated:  Creation of dynamic property React\Socket\Connection::$decor is deprecated in /var/www/html/vendor/cboden/ratchet/src/Ratchet/Server/IoServer.php on line 83

Deprecated: Creation of dynamic property React\Socket\Connection::$decor is deprecated in /var/www/html/vendor/cboden/ratchet/src/Ratchet/Server/IoServer.php on line 83
PHP Deprecated:  Creation of dynamic property Ratchet\Server\IoConnection::$resourceId is deprecated in /var/www/html/vendor/cboden/ratchet/src/Ratchet/Server/IoServer.php on line 84

Deprecated: Creation of dynamic property Ratchet\Server\IoConnection::$resourceId is deprecated in /var/www/html/vendor/cboden/ratchet/src/Ratchet/Server/IoServer.php on line 84
PHP Deprecated:  Creation of dynamic property Ratchet\Server\IoConnection::$remoteAddress is deprecated in /var/www/html/vendor/cboden/ratchet/src/Ratchet/Server/IoServer.php on line 87

Deprecated: Creation of dynamic property Ratchet\Server\IoConnection::$remoteAddress is deprecated in /var/www/html/vendor/cboden/ratchet/src/Ratchet/Server/IoServer.php on line 87
PHP Deprecated:  Creation of dynamic property Ratchet\Server\IoConnection::$httpHeadersReceived is deprecated in /var/www/html/vendor/cboden/ratchet/src/Ratchet/Http/HttpServer.php on line 33

Deprecated: Creation of dynamic property Ratchet\Server\IoConnection::$httpHeadersReceived is deprecated in /var/www/html/vendor/cboden/ratchet/src/Ratchet/Http/HttpServer.php on line 33
PHP Deprecated:  Creation of dynamic property Ratchet\Server\IoConnection::$httpBuffer is deprecated in /var/www/html/vendor/cboden/ratchet/src/Ratchet/Http/HttpRequestParser.php on line 30

Deprecated: Creation of dynamic property Ratchet\Server\IoConnection::$httpBuffer is deprecated in /var/www/html/vendor/cboden/ratchet/src/Ratchet/Http/HttpRequestParser.php on line 30
PHP Deprecated:  Creation of dynamic property Ratchet\Server\IoConnection::$httpRequest is deprecated in /var/www/html/vendor/cboden/ratchet/src/Ratchet/WebSocket/WsServer.php on line 112

Deprecated: Creation of dynamic property Ratchet\Server\IoConnection::$httpRequest is deprecated in /var/www/html/vendor/cboden/ratchet/src/Ratchet/WebSocket/WsServer.php on line 112
PHP Deprecated:  Creation of dynamic property Ratchet\Server\IoConnection::$WebSocket is deprecated in /var/www/html/vendor/cboden/ratchet/src/Ratchet/WebSocket/WsServer.php on line 114

Deprecated: Creation of dynamic property Ratchet\Server\IoConnection::$WebSocket is deprecated in /var/www/html/vendor/cboden/ratchet/src/Ratchet/WebSocket/WsServer.php on line 114
[2024-09-27T17:08:37.965816+02:00] minesweeper_logger.INFO: Nouvelle connexion ! (158) [] []
[2024-09-27T17:08:39.928977+02:00] minesweeper_logger.INFO: IN  :{"type":"get_player_count"} [] []
[2024-09-27T17:08:39.929190+02:00] minesweeper_logger.INFO: OUT: {"type":"player_count","connectedPlayers":0,"gamesInProgress":0} [] []
[2024-09-27T17:08:40.384061+02:00] minesweeper_logger.INFO: IN  :{"type":"get_player_count"} [] []
[2024-09-27T17:08:40.384246+02:00] minesweeper_logger.INFO: OUT: {"type":"player_count","connectedPlayers":0,"gamesInProgress":0} [] []
[2024-09-27T17:08:41.544197+02:00] minesweeper_logger.INFO: IN  :{"type":"login","username":"FoZzY","password":"XUgrute8"} [] []
[2024-09-27T17:08:41.608729+02:00] minesweeper_logger.INFO: OUT:{"type":"login_success","playerId":1,"username":"FoZzY","players":[{"id":1,"username":"FoZzY"}]} [] []
[2024-09-27T17:08:41.608938+02:00] minesweeper_logger.INFO: OUT:{"type":"connected_players","playerId":155,"players":[{"id":1,"username":"FoZzY"}]} [] []
[2024-09-27T17:08:41.609023+02:00] minesweeper_logger.INFO: OUT:{"type":"connected_players","playerId":155,"players":[{"id":1,"username":"FoZzY"}]} [] []
[2024-09-27T17:08:41.609090+02:00] minesweeper_logger.INFO: OUT:{"type":"connected_players","playerId":155,"players":[{"id":1,"username":"FoZzY"}]} [] []
[2024-09-27T17:08:41.609147+02:00] minesweeper_logger.INFO: OUT:{"type":"connected_players","playerId":155,"players":[{"id":1,"username":"FoZzY"}]} [] []
[2024-09-27T17:08:42.510962+02:00] minesweeper_logger.INFO: IN  :{"type":"login","username":"Jimbo","password":"XUgrute8"} [] []
[2024-09-27T17:08:42.575070+02:00] minesweeper_logger.INFO: OUT:{"type":"login_success","playerId":2,"username":"Jimbo","players":[{"id":1,"username":"FoZzY"},{"id":2,"username":"Jimbo"}]} [] []
[2024-09-27T17:08:42.575265+02:00] minesweeper_logger.INFO: OUT:{"type":"connected_players","playerId":158,"players":[{"id":1,"username":"FoZzY"},{"id":2,"username":"Jimbo"}]} [] []
[2024-09-27T17:08:42.575369+02:00] minesweeper_logger.INFO: OUT:{"type":"connected_players","playerId":158,"players":[{"id":1,"username":"FoZzY"},{"id":2,"username":"Jimbo"}]} [] []
[2024-09-27T17:08:42.575445+02:00] minesweeper_logger.INFO: OUT:{"type":"connected_players","playerId":158,"players":[{"id":1,"username":"FoZzY"},{"id":2,"username":"Jimbo"}]} [] []
[2024-09-27T17:08:42.575500+02:00] minesweeper_logger.INFO: OUT:{"type":"connected_players","playerId":158,"players":[{"id":1,"username":"FoZzY"},{"id":2,"username":"Jimbo"}]} [] []
[2024-09-27T17:08:43.155278+02:00] minesweeper_logger.INFO: IN  :{"type":"get_player_count"} [] []
[2024-09-27T17:08:43.155503+02:00] minesweeper_logger.INFO: OUT: {"type":"player_count","connectedPlayers":2,"gamesInProgress":0} [] []
[2024-09-27T17:08:45.677530+02:00] minesweeper_logger.INFO: IN  :{"type":"invite","invitee":2,"gridSize":"10x10","difficulty":"10"} [] []
[2024-09-27T17:08:45.677738+02:00] minesweeper_logger.INFO: OUT:{"type":"invite","inviter":"FoZzY","invitationId":"inv_66f6ca7da574c"} [] []
[2024-09-27T17:08:46.533056+02:00] minesweeper_logger.INFO: IN  :{"type":"get_player_count"} [] []
[2024-09-27T17:08:46.533276+02:00] minesweeper_logger.INFO: OUT: {"type":"player_count","connectedPlayers":2,"gamesInProgress":0} [] []
[2024-09-27T17:08:46.560972+02:00] minesweeper_logger.INFO: IN  :{"type":"get_player_count"} [] []
[2024-09-27T17:08:46.561175+02:00] minesweeper_logger.INFO: OUT: {"type":"player_count","connectedPlayers":2,"gamesInProgress":0} [] []
[2024-09-27T17:08:46.561768+02:00] minesweeper_logger.INFO: IN  :{"type":"get_player_count"} [] []
[2024-09-27T17:08:46.561917+02:00] minesweeper_logger.INFO: OUT: {"type":"player_count","connectedPlayers":2,"gamesInProgress":0} [] []
[2024-09-27T17:08:47.730442+02:00] minesweeper_logger.INFO: IN  :{"type":"accept_invite","inviter":"FoZzY","invitationId":"inv_66f6ca7da574c"} [] []
[2024-09-27T17:08:47.740864+02:00] minesweeper_logger.INFO: OUT:{"type":"game_start","game_id":"66f6ca7fb2630","board":[[{"mine":false,"revealed":false,"adjacentMines":1,"flagged":false},{"mine":false,"revealed":false,"adjacentMines":1,"flagged":false},{"mine":false,"revealed":false,"adjacentMines":1,"flagged":false},{"mine":false,"revealed":false,"adjacentMines":0,"flagged":false},{"mine":false,"revealed":false,"adjacentMines":0,"flagged":false},{"mine":false,"revealed":false,"adjacentMines":0,"flagged":false},{"mine":false,"revealed":false,"adjacentMines":0,"flagged":false},{"mine":false,"revealed":false,"adjacentMines":0,"flagged":false},{"mine":false,"revealed":false,"adjacentMines":0,"flagged":false},{"mine":false,"revealed":false,"adjacentMines":0,"flagged":false}],[{"mine":false,"revealed":false,"adjacentMines":1,"flagged":false},{"mine":true,"revealed":false,"adjacentMines":2,"flagged":false},{"mine":false,"revealed":false,"adjacentMines":3,"flagged":false},{"mine":false,"revealed":false,"adjacentMines":3,"flagged":false},{"mine":false,"revealed":false,"adjacentMines":2,"flagged":false},{"mine":false,"revealed":false,"adjacentMines":1,"flagged":false},{"mine":false,"revealed":false,"adjacentMines":0,"flagged":false},{"mine":false,"revealed":false,"adjacentMines":0,"flagged":false},{"mine":false,"revealed":false,"adjacentMines":0,"flagged":false},{"mine":false,"revealed":false,"adjacentMines":0,"flagged":false}],[{"mine":false,"revealed":false,"adjacentMines":2,"flagged":false},{"mine":false,"revealed":false,"adjacentMines":3,"flagged":false},{"mine":true,"revealed":false,"adjacentMines":5,"flagged":false},{"mine":true,"revealed":false,"adjacentMines":4,"flagged":false},{"mine":true,"revealed":false,"adjacentMines":4,"flagged":false},{"mine":false,"revealed":false,"adjacentMines":2,"flagged":false},{"mine":false,"revealed":false,"adjacentMines":1,"flagged":false},{"mine":false,"revealed":false,"adjacentMines":0,"flagged":false},{"mine":false,"revealed":false,"adjacentMines":0,"flagged":false},{"mine":false,"revealed":false,"adjacentMines":0,"flagged":false}],[{"mine":false,"revealed":false,"adjacentMines":1,"flagged":false},{"mine":true,"revealed":false,"adjacentMines":2,"flagged":false},{"mine":false,"revealed":false,"adjacentMines":5,"flagged":false},{"mine":true,"revealed":false,"adjacentMines":5,"flagged":false},{"mine":false,"revealed":false,"adjacentMines":5,"flagged":false},{"mine":true,"revealed":false,"adjacentMines":2,"flagged":false},{"mine":false,"revealed":false,"adjacentMines":1,"flagged":false},{"mine":false,"revealed":false,"adjacentMines":0,"flagged":false},{"mine":false,"revealed":false,"adjacentMines":0,"flagged":false},{"mine":false,"revealed":false,"adjacentMines":0,"flagged":false}],[{"mine":false,"revealed":false,"adjacentMines":1,"flagged":false},{"mine":false,"revealed":false,"adjacentMines":1,"flagged":false},{"mine":false,"revealed":false,"adjacentMines":3,"flagged":false},{"mine":true,"revealed":false,"adjacentMines":2,"flagged":false},{"mine":false,"revealed":false,"adjacentMines":3,"flagged":false},{"mine":false,"revealed":false,"adjacentMines":1,"flagged":false},{"mine":false,"revealed":false,"adjacentMines":1,"flagged":false},{"mine":false,"revealed":false,"adjacentMines":0,"flagged":false},{"mine":false,"revealed":false,"adjacentMines":0,"flagged":false},{"mine":false,"revealed":false,"adjacentMines":0,"flagged":false}],[{"mine":false,"revealed":false,"adjacentMines":0,"flagged":false},{"mine":false,"revealed":false,"adjacentMines":0,"flagged":false},{"mine":false,"revealed":false,"adjacentMines":1,"flagged":false},{"mine":false,"revealed":false,"adjacentMines":1,"flagged":false},{"mine":false,"revealed":false,"adjacentMines":1,"flagged":false},{"mine":false,"revealed":false,"adjacentMines":0,"flagged":false},{"mine":false,"revealed":false,"adjacentMines":0,"flagged":false},{"mine":false,"revealed":false,"adjacentMines":0,"flagged":false},{"mine":false,"revealed":false,"adjacentMines":0,"flagged":false},{"mine":false,"revealed":false,"adjacentMines":0,"flagged":false}],[{"mine":false,"revealed":false,"adjacentMines":0,"flagged":false},{"mine":false,"revealed":false,"adjacentMines":0,"flagged":false},{"mine":false,"revealed":false,"adjacentMines":0,"flagged":false},{"mine":false,"revealed":false,"adjacentMines":0,"flagged":false},{"mine":false,"revealed":false,"adjacentMines":0,"flagged":false},{"mine":false,"revealed":false,"adjacentMines":0,"flagged":false},{"mine":false,"revealed":false,"adjacentMines":0,"flagged":false},{"mine":false,"revealed":false,"adjacentMines":1,"flagged":false},{"mine":false,"revealed":false,"adjacentMines":1,"flagged":false},{"mine":false,"revealed":false,"adjacentMines":1,"flagged":false}],[{"mine":false,"revealed":false,"adjacentMines":0,"flagged":false},{"mine":false,"revealed":false,"adjacentMines":0,"flagged":false},{"mine":false,"revealed":false,"adjacentMines":0,"flagged":false},{"mine":false,"revealed":false,"adjacentMines":0,"flagged":false},{"mine":false,"revealed":false,"adjacentMines":0,"flagged":false},{"mine":false,"revealed":false,"adjacentMines":0,"flagged":false},{"mine":false,"revealed":false,"adjacentMines":0,"flagged":false},{"mine":false,"revealed":false,"adjacentMines":1,"flagged":false},{"mine":true,"revealed":false,"adjacentMines":1,"flagged":false},{"mine":false,"revealed":false,"adjacentMines":1,"flagged":false}],[{"mine":false,"revealed":false,"adjacentMines":1,"flagged":false},{"mine":false,"revealed":false,"adjacentMines":1,"flagged":false},{"mine":false,"revealed":false,"adjacentMines":0,"flagged":false},{"mine":false,"revealed":false,"adjacentMines":0,"flagged":false},{"mine":false,"revealed":false,"adjacentMines":0,"flagged":false},{"mine":false,"revealed":false,"adjacentMines":0,"flagged":false},{"mine":false,"revealed":false,"adjacentMines":0,"flagged":false},{"mine":false,"revealed":false,"adjacentMines":1,"flagged":false},{"mine":false,"revealed":false,"adjacentMines":1,"flagged":false},{"mine":false,"revealed":false,"adjacentMines":1,"flagged":false}],[{"mine":true,"revealed":false,"adjacentMines":1,"flagged":false},{"mine":false,"revealed":false,"adjacentMines":1,"flagged":false},{"mine":false,"revealed":false,"adjacentMines":0,"flagged":false},{"mine":false,"revealed":false,"adjacentMines":0,"flagged":false},{"mine":false,"revealed":false,"adjacentMines":0,"flagged":false},{"mine":false,"revealed":false,"adjacentMines":0,"flagged":false},{"mine":false,"revealed":false,"adjacentMines":0,"flagged":false},{"mine":false,"revealed":false,"adjacentMines":0,"flagged":false},{"mine":false,"revealed":false,"adjacentMines":0,"flagged":false},{"mine":false,"revealed":false,"adjacentMines":0,"flagged":false}]],"turn":158,"currentPlayer":"Jimbo","gridSize":"10x10","difficulty":10} [] []
[2024-09-27T17:08:47.741302+02:00] minesweeper_logger.INFO: OUT:{"type":"game_start","game_id":"66f6ca7fb2630","board":[[{"mine":false,"revealed":false,"adjacentMines":1,"flagged":false},{"mine":false,"revealed":false,"adjacentMines":1,"flagged":false},{"mine":false,"revealed":false,"adjacentMines":1,"flagged":false},{"mine":false,"revealed":false,"adjacentMines":0,"flagged":false},{"mine":false,"revealed":false,"adjacentMines":0,"flagged":false},{"mine":false,"revealed":false,"adjacentMines":0,"flagged":false},{"mine":false,"revealed":false,"adjacentMines":0,"flagged":false},{"mine":false,"revealed":false,"adjacentMines":0,"flagged":false},{"mine":false,"revealed":false,"adjacentMines":0,"flagged":false},{"mine":false,"revealed":false,"adjacentMines":0,"flagged":false}],[{"mine":false,"revealed":false,"adjacentMines":1,"flagged":false},{"mine":true,"revealed":false,"adjacentMines":2,"flagged":false},{"mine":false,"revealed":false,"adjacentMines":3,"flagged":false},{"mine":false,"revealed":false,"adjacentMines":3,"flagged":false},{"mine":false,"revealed":false,"adjacentMines":2,"flagged":false},{"mine":false,"revealed":false,"adjacentMines":1,"flagged":false},{"mine":false,"revealed":false,"adjacentMines":0,"flagged":false},{"mine":false,"revealed":false,"adjacentMines":0,"flagged":false},{"mine":false,"revealed":false,"adjacentMines":0,"flagged":false},{"mine":false,"revealed":false,"adjacentMines":0,"flagged":false}],[{"mine":false,"revealed":false,"adjacentMines":2,"flagged":false},{"mine":false,"revealed":false,"adjacentMines":3,"flagged":false},{"mine":true,"revealed":false,"adjacentMines":5,"flagged":false},{"mine":true,"revealed":false,"adjacentMines":4,"flagged":false},{"mine":true,"revealed":false,"adjacentMines":4,"flagged":false},{"mine":false,"revealed":false,"adjacentMines":2,"flagged":false},{"mine":false,"revealed":false,"adjacentMines":1,"flagged":false},{"mine":false,"revealed":false,"adjacentMines":0,"flagged":false},{"mine":false,"revealed":false,"adjacentMines":0,"flagged":false},{"mine":false,"revealed":false,"adjacentMines":0,"flagged":false}],[{"mine":false,"revealed":false,"adjacentMines":1,"flagged":false},{"mine":true,"revealed":false,"adjacentMines":2,"flagged":false},{"mine":false,"revealed":false,"adjacentMines":5,"flagged":false},{"mine":true,"revealed":false,"adjacentMines":5,"flagged":false},{"mine":false,"revealed":false,"adjacentMines":5,"flagged":false},{"mine":true,"revealed":false,"adjacentMines":2,"flagged":false},{"mine":false,"revealed":false,"adjacentMines":1,"flagged":false},{"mine":false,"revealed":false,"adjacentMines":0,"flagged":false},{"mine":false,"revealed":false,"adjacentMines":0,"flagged":false},{"mine":false,"revealed":false,"adjacentMines":0,"flagged":false}],[{"mine":false,"revealed":false,"adjacentMines":1,"flagged":false},{"mine":false,"revealed":false,"adjacentMines":1,"flagged":false},{"mine":false,"revealed":false,"adjacentMines":3,"flagged":false},{"mine":true,"revealed":false,"adjacentMines":2,"flagged":false},{"mine":false,"revealed":false,"adjacentMines":3,"flagged":false},{"mine":false,"revealed":false,"adjacentMines":1,"flagged":false},{"mine":false,"revealed":false,"adjacentMines":1,"flagged":false},{"mine":false,"revealed":false,"adjacentMines":0,"flagged":false},{"mine":false,"revealed":false,"adjacentMines":0,"flagged":false},{"mine":false,"revealed":false,"adjacentMines":0,"flagged":false}],[{"mine":false,"revealed":false,"adjacentMines":0,"flagged":false},{"mine":false,"revealed":false,"adjacentMines":0,"flagged":false},{"mine":false,"revealed":false,"adjacentMines":1,"flagged":false},{"mine":false,"revealed":false,"adjacentMines":1,"flagged":false},{"mine":false,"revealed":false,"adjacentMines":1,"flagged":false},{"mine":false,"revealed":false,"adjacentMines":0,"flagged":false},{"mine":false,"revealed":false,"adjacentMines":0,"flagged":false},{"mine":false,"revealed":false,"adjacentMines":0,"flagged":false},{"mine":false,"revealed":false,"adjacentMines":0,"flagged":false},{"mine":false,"revealed":false,"adjacentMines":0,"flagged":false}],[{"mine":false,"revealed":false,"adjacentMines":0,"flagged":false},{"mine":false,"revealed":false,"adjacentMines":0,"flagged":false},{"mine":false,"revealed":false,"adjacentMines":0,"flagged":false},{"mine":false,"revealed":false,"adjacentMines":0,"flagged":false},{"mine":false,"revealed":false,"adjacentMines":0,"flagged":false},{"mine":false,"revealed":false,"adjacentMines":0,"flagged":false},{"mine":false,"revealed":false,"adjacentMines":0,"flagged":false},{"mine":false,"revealed":false,"adjacentMines":1,"flagged":false},{"mine":false,"revealed":false,"adjacentMines":1,"flagged":false},{"mine":false,"revealed":false,"adjacentMines":1,"flagged":false}],[{"mine":false,"revealed":false,"adjacentMines":0,"flagged":false},{"mine":false,"revealed":false,"adjacentMines":0,"flagged":false},{"mine":false,"revealed":false,"adjacentMines":0,"flagged":false},{"mine":false,"revealed":false,"adjacentMines":0,"flagged":false},{"mine":false,"revealed":false,"adjacentMines":0,"flagged":false},{"mine":false,"revealed":false,"adjacentMines":0,"flagged":false},{"mine":false,"revealed":false,"adjacentMines":0,"flagged":false},{"mine":false,"revealed":false,"adjacentMines":1,"flagged":false},{"mine":true,"revealed":false,"adjacentMines":1,"flagged":false},{"mine":false,"revealed":false,"adjacentMines":1,"flagged":false}],[{"mine":false,"revealed":false,"adjacentMines":1,"flagged":false},{"mine":false,"revealed":false,"adjacentMines":1,"flagged":false},{"mine":false,"revealed":false,"adjacentMines":0,"flagged":false},{"mine":false,"revealed":false,"adjacentMines":0,"flagged":false},{"mine":false,"revealed":false,"adjacentMines":0,"flagged":false},{"mine":false,"revealed":false,"adjacentMines":0,"flagged":false},{"mine":false,"revealed":false,"adjacentMines":0,"flagged":false},{"mine":false,"revealed":false,"adjacentMines":1,"flagged":false},{"mine":false,"revealed":false,"adjacentMines":1,"flagged":false},{"mine":false,"revealed":false,"adjacentMines":1,"flagged":false}],[{"mine":true,"revealed":false,"adjacentMines":1,"flagged":false},{"mine":false,"revealed":false,"adjacentMines":1,"flagged":false},{"mine":false,"revealed":false,"adjacentMines":0,"flagged":false},{"mine":false,"revealed":false,"adjacentMines":0,"flagged":false},{"mine":false,"revealed":false,"adjacentMines":0,"flagged":false},{"mine":false,"revealed":false,"adjacentMines":0,"flagged":false},{"mine":false,"revealed":false,"adjacentMines":0,"flagged":false},{"mine":false,"revealed":false,"adjacentMines":0,"flagged":false},{"mine":false,"revealed":false,"adjacentMines":0,"flagged":false},{"mine":false,"revealed":false,"adjacentMines":0,"flagged":false}]],"turn":158,"currentPlayer":"Jimbo","gridSize":"10x10","difficulty":10} [] []
[2024-09-27T17:08:48.069517+02:00] minesweeper_logger.INFO: IN  :{"type":"ping"} [] []
[2024-09-27T17:08:48.069712+02:00] minesweeper_logger.INFO: OUT: Pong envoyé à 152 [] []
[2024-09-27T17:08:49.932329+02:00] minesweeper_logger.INFO: IN  :{"type":"get_player_count"} [] []
[2024-09-27T17:08:49.932530+02:00] minesweeper_logger.INFO: OUT: {"type":"player_count","connectedPlayers":2,"gamesInProgress":1} [] []
[2024-09-27T17:08:50.380116+02:00] minesweeper_logger.INFO: IN  :{"type":"get_player_count"} [] []
[2024-09-27T17:08:50.380344+02:00] minesweeper_logger.INFO: OUT: {"type":"player_count","connectedPlayers":2,"gamesInProgress":1} [] []
[2024-09-27T17:08:51.963673+02:00] minesweeper_logger.INFO: IN  :{"type":"ping"} [] []
[2024-09-27T17:08:51.963904+02:00] minesweeper_logger.INFO: OUT: Pong envoyé à 155 [] []
[2024-09-27T17:08:52.978373+02:00] minesweeper_logger.INFO: IN  :{"type":"ping"} [] []
[2024-09-27T17:08:52.978588+02:00] minesweeper_logger.INFO: OUT: Pong envoyé à 158 [] []
[2024-09-27T17:08:53.526421+02:00] minesweeper_logger.INFO: IN  :{"type":"get_player_count"} [] []
[2024-09-27T17:08:53.526595+02:00] minesweeper_logger.INFO: OUT: {"type":"player_count","connectedPlayers":2,"gamesInProgress":1} [] []
[2024-09-27T17:08:57.531201+02:00] minesweeper_logger.INFO: IN  :{"type":"get_player_count"} [] []
[2024-09-27T17:08:57.531413+02:00] minesweeper_logger.INFO: OUT: {"type":"player_count","connectedPlayers":2,"gamesInProgress":1} [] []
[2024-09-27T17:08:57.533248+02:00] minesweeper_logger.INFO: IN  :{"type":"get_player_count"} [] []
[2024-09-27T17:08:57.533392+02:00] minesweeper_logger.INFO: OUT: {"type":"player_count","connectedPlayers":2,"gamesInProgress":1} [] []
[2024-09-27T17:08:57.536515+02:00] minesweeper_logger.INFO: IN  :{"type":"get_player_count"} [] []
[2024-09-27T17:08:57.536643+02:00] minesweeper_logger.INFO: OUT: {"type":"player_count","connectedPlayers":2,"gamesInProgress":1} [] []
[2024-09-27T17:09:00.531322+02:00] minesweeper_logger.INFO: IN  :{"type":"get_player_count"} [] []
[2024-09-27T17:09:00.531485+02:00] minesweeper_logger.INFO: OUT: {"type":"player_count","connectedPlayers":2,"gamesInProgress":1} [] []
[2024-09-27T17:09:00.531650+02:00] minesweeper_logger.INFO: IN  :{"type":"get_player_count"} [] []
[2024-09-27T17:09:00.531728+02:00] minesweeper_logger.INFO: OUT: {"type":"player_count","connectedPlayers":2,"gamesInProgress":1} [] []
[2024-09-27T17:09:03.074158+02:00] minesweeper_logger.INFO: IN  :{"type":"ping"} [] []
[2024-09-27T17:09:03.074352+02:00] minesweeper_logger.INFO: OUT: Pong envoyé à 152 [] []
[2024-09-27T17:09:03.528714+02:00] minesweeper_logger.INFO: IN  :{"type":"get_player_count"} [] []
[2024-09-27T17:09:03.528930+02:00] minesweeper_logger.INFO: OUT: {"type":"player_count","connectedPlayers":2,"gamesInProgress":1} [] []
[2024-09-27T17:09:06.958360+02:00] minesweeper_logger.INFO: IN  :{"type":"ping"} [] []
[2024-09-27T17:09:06.958562+02:00] minesweeper_logger.INFO: OUT: Pong envoyé à 155 [] []
[2024-09-27T17:09:07.515499+02:00] minesweeper_logger.INFO: IN  :{"type":"get_player_count"} [] []
[2024-09-27T17:09:07.515733+02:00] minesweeper_logger.INFO: OUT: {"type":"player_count","connectedPlayers":2,"gamesInProgress":1} [] []
[2024-09-27T17:09:07.516085+02:00] minesweeper_logger.INFO: IN  :{"type":"get_player_count"} [] []
[2024-09-27T17:09:07.516238+02:00] minesweeper_logger.INFO: OUT: {"type":"player_count","connectedPlayers":2,"gamesInProgress":1} [] []
[2024-09-27T17:09:07.516421+02:00] minesweeper_logger.INFO: IN  :{"type":"get_player_count"} [] []
[2024-09-27T17:09:07.516523+02:00] minesweeper_logger.INFO: OUT: {"type":"player_count","connectedPlayers":2,"gamesInProgress":1} [] []
[2024-09-27T17:09:07.985577+02:00] minesweeper_logger.INFO: IN  :{"type":"ping"} [] []
[2024-09-27T17:09:07.985751+02:00] minesweeper_logger.INFO: OUT: Pong envoyé à 158 [] []
[2024-09-27T17:09:10.532352+02:00] minesweeper_logger.INFO: IN  :{"type":"get_player_count"} [] []
[2024-09-27T17:09:10.532547+02:00] minesweeper_logger.INFO: OUT: {"type":"player_count","connectedPlayers":2,"gamesInProgress":1} [] []
[2024-09-27T17:09:10.536244+02:00] minesweeper_logger.INFO: IN  :{"type":"get_player_count"} [] []
[2024-09-27T17:09:10.536454+02:00] minesweeper_logger.INFO: OUT: {"type":"player_count","connectedPlayers":2,"gamesInProgress":1} [] []
[2024-09-27T17:09:13.517169+02:00] minesweeper_logger.INFO: IN  :{"type":"get_player_count"} [] []
[2024-09-27T17:09:13.517346+02:00] minesweeper_logger.INFO: OUT: {"type":"player_count","connectedPlayers":2,"gamesInProgress":1} [] []
[2024-09-27T17:09:16.545563+02:00] minesweeper_logger.INFO: IN  :{"type":"get_player_count"} [] []
[2024-09-27T17:09:16.545753+02:00] minesweeper_logger.INFO: OUT: {"type":"player_count","connectedPlayers":2,"gamesInProgress":1} [] []
[2024-09-27T17:09:17.519214+02:00] minesweeper_logger.INFO: IN  :{"type":"get_player_count"} [] []
[2024-09-27T17:09:17.519466+02:00] minesweeper_logger.INFO: OUT: {"type":"player_count","connectedPlayers":2,"gamesInProgress":1} [] []
[2024-09-27T17:09:17.523491+02:00] minesweeper_logger.INFO: IN  :{"type":"get_player_count"} [] []
[2024-09-27T17:09:17.523638+02:00] minesweeper_logger.INFO: OUT: {"type":"player_count","connectedPlayers":2,"gamesInProgress":1} [] []
[2024-09-27T17:09:18.071622+02:00] minesweeper_logger.INFO: IN  :{"type":"ping"} [] []
[2024-09-27T17:09:18.071867+02:00] minesweeper_logger.INFO: OUT: Pong envoyé à 152 [] []
[2024-09-27T17:09:20.518501+02:00] minesweeper_logger.INFO: IN  :{"type":"get_player_count"} [] []
[2024-09-27T17:09:20.518693+02:00] minesweeper_logger.INFO: OUT: {"type":"player_count","connectedPlayers":2,"gamesInProgress":1} [] []
[2024-09-27T17:09:20.521647+02:00] minesweeper_logger.INFO: IN  :{"type":"get_player_count"} [] []
[2024-09-27T17:09:20.521794+02:00] minesweeper_logger.INFO: OUT: {"type":"player_count","connectedPlayers":2,"gamesInProgress":1} [] []
[2024-09-27T17:09:21.965145+02:00] minesweeper_logger.INFO: IN  :{"type":"ping"} [] []
[2024-09-27T17:09:21.965354+02:00] minesweeper_logger.INFO: OUT: Pong envoyé à 155 [] []
[2024-09-27T17:09:22.990011+02:00] minesweeper_logger.INFO: IN  :{"type":"ping"} [] []
[2024-09-27T17:09:22.990170+02:00] minesweeper_logger.INFO: OUT: Pong envoyé à 158 [] []
[2024-09-27T17:09:23.531014+02:00] minesweeper_logger.INFO: IN  :{"type":"get_player_count"} [] []
[2024-09-27T17:09:23.531222+02:00] minesweeper_logger.INFO: OUT: {"type":"player_count","connectedPlayers":2,"gamesInProgress":1} [] []
[2024-09-27T17:09:27.522196+02:00] minesweeper_logger.INFO: IN  :{"type":"get_player_count"} [] []
[2024-09-27T17:09:27.522416+02:00] minesweeper_logger.INFO: OUT: {"type":"player_count","connectedPlayers":2,"gamesInProgress":1} [] []
[2024-09-27T17:09:27.522727+02:00] minesweeper_logger.INFO: IN  :{"type":"get_player_count"} [] []
[2024-09-27T17:09:27.523054+02:00] minesweeper_logger.INFO: OUT: {"type":"player_count","connectedPlayers":2,"gamesInProgress":1} [] []
[2024-09-27T17:09:27.523192+02:00] minesweeper_logger.INFO: IN  :{"type":"get_player_count"} [] []
[2024-09-27T17:09:27.523293+02:00] minesweeper_logger.INFO: OUT: {"type":"player_count","connectedPlayers":2,"gamesInProgress":1} [] []
[2024-09-27T17:09:30.528720+02:00] minesweeper_logger.INFO: IN  :{"type":"get_player_count"} [] []
[2024-09-27T17:09:30.528963+02:00] minesweeper_logger.INFO: OUT: {"type":"player_count","connectedPlayers":2,"gamesInProgress":1} [] []
[2024-09-27T17:09:30.531651+02:00] minesweeper_logger.INFO: IN  :{"type":"get_player_count"} [] []
[2024-09-27T17:09:30.531797+02:00] minesweeper_logger.INFO: OUT: {"type":"player_count","connectedPlayers":2,"gamesInProgress":1} [] []
[2024-09-27T17:09:33.070618+02:00] minesweeper_logger.INFO: IN  :{"type":"ping"} [] []
[2024-09-27T17:09:33.070879+02:00] minesweeper_logger.INFO: OUT: Pong envoyé à 152 [] []
[2024-09-27T17:09:33.531001+02:00] minesweeper_logger.INFO: IN  :{"type":"get_player_count"} [] []
[2024-09-27T17:09:33.531228+02:00] minesweeper_logger.INFO: OUT: {"type":"player_count","connectedPlayers":2,"gamesInProgress":1} [] []
[2024-09-27T17:09:36.965168+02:00] minesweeper_logger.INFO: IN  :{"type":"ping"} [] []
[2024-09-27T17:09:36.965345+02:00] minesweeper_logger.INFO: OUT: Pong envoyé à 155 [] []
[2024-09-27T17:09:37.529268+02:00] minesweeper_logger.INFO: IN  :{"type":"get_player_count"} [] []
[2024-09-27T17:09:37.529447+02:00] minesweeper_logger.INFO: OUT: {"type":"player_count","connectedPlayers":2,"gamesInProgress":1} [] []
[2024-09-27T17:09:37.532768+02:00] minesweeper_logger.INFO: IN  :{"type":"get_player_count"} [] []
[2024-09-27T17:09:37.532928+02:00] minesweeper_logger.INFO: OUT: {"type":"player_count","connectedPlayers":2,"gamesInProgress":1} [] []
[2024-09-27T17:09:37.534102+02:00] minesweeper_logger.INFO: IN  :{"type":"get_player_count"} [] []
[2024-09-27T17:09:37.534213+02:00] minesweeper_logger.INFO: OUT: {"type":"player_count","connectedPlayers":2,"gamesInProgress":1} [] []
[2024-09-27T17:09:37.991545+02:00] minesweeper_logger.INFO: IN  :{"type":"ping"} [] []
[2024-09-27T17:09:37.991747+02:00] minesweeper_logger.INFO: OUT: Pong envoyé à 158 [] []
[2024-09-27T17:09:40.548454+02:00] minesweeper_logger.INFO: IN  :{"type":"get_player_count"} [] []
[2024-09-27T17:09:40.548647+02:00] minesweeper_logger.INFO: OUT: {"type":"player_count","connectedPlayers":2,"gamesInProgress":1} [] []
[2024-09-27T17:09:40.548802+02:00] minesweeper_logger.INFO: IN  :{"type":"get_player_count"} [] []
[2024-09-27T17:09:40.548994+02:00] minesweeper_logger.INFO: OUT: {"type":"player_count","connectedPlayers":2,"gamesInProgress":1} [] []
[2024-09-27T17:09:43.518621+02:00] minesweeper_logger.INFO: IN  :{"type":"get_player_count"} [] []
[2024-09-27T17:09:43.518812+02:00] minesweeper_logger.INFO: OUT: {"type":"player_count","connectedPlayers":2,"gamesInProgress":1} [] []
PHP Deprecated:  Creation of dynamic property React\Socket\Connection::$decor is deprecated in /var/www/html/vendor/cboden/ratchet/src/Ratchet/Server/IoServer.php on line 83

Deprecated: Creation of dynamic property React\Socket\Connection::$decor is deprecated in /var/www/html/vendor/cboden/ratchet/src/Ratchet/Server/IoServer.php on line 83
PHP Deprecated:  Creation of dynamic property Ratchet\Server\IoConnection::$resourceId is deprecated in /var/www/html/vendor/cboden/ratchet/src/Ratchet/Server/IoServer.php on line 84

Deprecated: Creation of dynamic property Ratchet\Server\IoConnection::$resourceId is deprecated in /var/www/html/vendor/cboden/ratchet/src/Ratchet/Server/IoServer.php on line 84
PHP Deprecated:  Creation of dynamic property Ratchet\Server\IoConnection::$remoteAddress is deprecated in /var/www/html/vendor/cboden/ratchet/src/Ratchet/Server/IoServer.php on line 87

Deprecated: Creation of dynamic property Ratchet\Server\IoConnection::$remoteAddress is deprecated in /var/www/html/vendor/cboden/ratchet/src/Ratchet/Server/IoServer.php on line 87
PHP Deprecated:  Creation of dynamic property Ratchet\Server\IoConnection::$httpHeadersReceived is deprecated in /var/www/html/vendor/cboden/ratchet/src/Ratchet/Http/HttpServer.php on line 33

Deprecated: Creation of dynamic property Ratchet\Server\IoConnection::$httpHeadersReceived is deprecated in /var/www/html/vendor/cboden/ratchet/src/Ratchet/Http/HttpServer.php on line 33
PHP Deprecated:  Creation of dynamic property Ratchet\Server\IoConnection::$httpBuffer is deprecated in /var/www/html/vendor/cboden/ratchet/src/Ratchet/Http/HttpRequestParser.php on line 30

Deprecated: Creation of dynamic property Ratchet\Server\IoConnection::$httpBuffer is deprecated in /var/www/html/vendor/cboden/ratchet/src/Ratchet/Http/HttpRequestParser.php on line 30
PHP Deprecated:  Creation of dynamic property Ratchet\Server\IoConnection::$httpRequest is deprecated in /var/www/html/vendor/cboden/ratchet/src/Ratchet/WebSocket/WsServer.php on line 112

Deprecated: Creation of dynamic property Ratchet\Server\IoConnection::$httpRequest is deprecated in /var/www/html/vendor/cboden/ratchet/src/Ratchet/WebSocket/WsServer.php on line 112
PHP Deprecated:  Creation of dynamic property Ratchet\Server\IoConnection::$WebSocket is deprecated in /var/www/html/vendor/cboden/ratchet/src/Ratchet/WebSocket/WsServer.php on line 114

Deprecated: Creation of dynamic property Ratchet\Server\IoConnection::$WebSocket is deprecated in /var/www/html/vendor/cboden/ratchet/src/Ratchet/WebSocket/WsServer.php on line 114
[2024-09-27T17:09:46.213613+02:00] minesweeper_logger.INFO: Nouvelle connexion ! (167) [] []
[2024-09-27T17:09:46.216129+02:00] minesweeper_logger.INFO: IN  :{"type":"get_active_games"} [] []
[2024-09-27T17:09:47.530295+02:00] minesweeper_logger.INFO: IN  :{"type":"get_player_count"} [] []
[2024-09-27T17:09:47.530488+02:00] minesweeper_logger.INFO: OUT: {"type":"player_count","connectedPlayers":2,"gamesInProgress":1} [] []
[2024-09-27T17:09:47.532553+02:00] minesweeper_logger.INFO: IN  :{"type":"get_player_count"} [] []
[2024-09-27T17:09:47.532681+02:00] minesweeper_logger.INFO: OUT: {"type":"player_count","connectedPlayers":2,"gamesInProgress":1} [] []
[2024-09-27T17:09:47.533265+02:00] minesweeper_logger.INFO: IN  :{"type":"get_player_count"} [] []
[2024-09-27T17:09:47.533365+02:00] minesweeper_logger.INFO: OUT: {"type":"player_count","connectedPlayers":2,"gamesInProgress":1} [] []
[2024-09-27T17:09:48.070933+02:00] minesweeper_logger.INFO: IN  :{"type":"ping"} [] []
[2024-09-27T17:09:48.071165+02:00] minesweeper_logger.INFO: OUT: Pong envoyé à 152 [] []
[2024-09-27T17:09:49.856700+02:00] minesweeper_logger.INFO: IN  :{"type":"add_spectator","gameId":"66f6ca7fb2630"} [] []
[2024-09-27T17:09:50.531202+02:00] minesweeper_logger.INFO: IN  :{"type":"get_player_count"} [] []
[2024-09-27T17:09:50.531422+02:00] minesweeper_logger.INFO: OUT: {"type":"player_count","connectedPlayers":2,"gamesInProgress":1} [] []
[2024-09-27T17:09:50.536417+02:00] minesweeper_logger.INFO: IN  :{"type":"get_player_count"} [] []
[2024-09-27T17:09:50.536552+02:00] minesweeper_logger.INFO: OUT: {"type":"player_count","connectedPlayers":2,"gamesInProgress":1} [] []
[2024-09-27T17:09:50.860174+02:00] minesweeper_logger.INFO: IN  :{"type":"get_game_state","gameId":"66f6ca7fb2630"} [] []
[2024-09-27T17:09:51.858252+02:00] minesweeper_logger.INFO: IN  :{"type":"get_game_state","gameId":"66f6ca7fb2630"} [] []
[2024-09-27T17:09:51.964467+02:00] minesweeper_logger.INFO: IN  :{"type":"ping"} [] []
[2024-09-27T17:09:51.964674+02:00] minesweeper_logger.INFO: OUT: Pong envoyé à 155 [] []
[2024-09-27T17:09:52.865122+02:00] minesweeper_logger.INFO: IN  :{"type":"get_game_state","gameId":"66f6ca7fb2630"} [] []
[2024-09-27T17:09:52.980749+02:00] minesweeper_logger.INFO: IN  :{"type":"ping"} [] []
[2024-09-27T17:09:52.980971+02:00] minesweeper_logger.INFO: OUT: Pong envoyé à 158 [] []
[2024-09-27T17:09:53.861946+02:00] minesweeper_logger.INFO: IN  :{"type":"get_game_state","gameId":"66f6ca7fb2630"} [] []
[2024-09-27T17:09:54.864811+02:00] minesweeper_logger.INFO: IN  :{"type":"get_game_state","gameId":"66f6ca7fb2630"} [] []
[2024-09-27T17:09:55.860449+02:00] minesweeper_logger.INFO: IN  :{"type":"get_game_state","gameId":"66f6ca7fb2630"} [] []
[2024-09-27T17:09:55.953124+02:00] minesweeper_logger.INFO: IN  :{"type":"reveal_cell","game_id":"66f6ca7fb2630","x":3,"y":3} [] []
[2024-09-27T17:09:55.953347+02:00] minesweeper_logger.INFO: OUT:{"type":"error","message":"Ce n'est pas votre tour de jouer."} [] []
[2024-09-27T17:09:56.865032+02:00] minesweeper_logger.INFO: IN  :{"type":"get_game_state","gameId":"66f6ca7fb2630"} [] []
[2024-09-27T17:09:57.124218+02:00] minesweeper_logger.INFO: IN  :{"type":"reveal_cell","game_id":"66f6ca7fb2630","x":3,"y":5} [] []
[2024-09-27T17:09:57.124657+02:00] minesweeper_logger.INFO: OUT:{"type":"game_over","winner":"Vous avez perdu!","board":[[{"mine":false,"revealed":true,"adjacentMines":1,"flagged":false},{"mine":false,"revealed":true,"adjacentMines":1,"flagged":false},{"mine":false,"revealed":true,"adjacentMines":1,"flagged":false},{"mine":false,"revealed":true,"adjacentMines":0,"flagged":false},{"mine":false,"revealed":true,"adjacentMines":0,"flagged":false},{"mine":false,"revealed":true,"adjacentMines":0,"flagged":false},{"mine":false,"revealed":true,"adjacentMines":0,"flagged":false},{"mine":false,"revealed":true,"adjacentMines":0,"flagged":false},{"mine":false,"revealed":true,"adjacentMines":0,"flagged":false},{"mine":false,"revealed":true,"adjacentMines":0,"flagged":false}],[{"mine":false,"revealed":true,"adjacentMines":1,"flagged":false},{"mine":true,"revealed":true,"adjacentMines":2,"flagged":false},{"mine":false,"revealed":true,"adjacentMines":3,"flagged":false},{"mine":false,"revealed":true,"adjacentMines":3,"flagged":false},{"mine":false,"revealed":true,"adjacentMines":2,"flagged":false},{"mine":false,"revealed":true,"adjacentMines":1,"flagged":false},{"mine":false,"revealed":true,"adjacentMines":0,"flagged":false},{"mine":false,"revealed":true,"adjacentMines":0,"flagged":false},{"mine":false,"revealed":true,"adjacentMines":0,"flagged":false},{"mine":false,"revealed":true,"adjacentMines":0,"flagged":false}],[{"mine":false,"revealed":true,"adjacentMines":2,"flagged":false},{"mine":false,"revealed":true,"adjacentMines":3,"flagged":false},{"mine":true,"revealed":true,"adjacentMines":5,"flagged":false},{"mine":true,"revealed":true,"adjacentMines":4,"flagged":false},{"mine":true,"revealed":true,"adjacentMines":4,"flagged":false},{"mine":false,"revealed":true,"adjacentMines":2,"flagged":false},{"mine":false,"revealed":true,"adjacentMines":1,"flagged":false},{"mine":false,"revealed":true,"adjacentMines":0,"flagged":false},{"mine":false,"revealed":true,"adjacentMines":0,"flagged":false},{"mine":false,"revealed":true,"adjacentMines":0,"flagged":false}],[{"mine":false,"revealed":true,"adjacentMines":1,"flagged":false},{"mine":true,"revealed":true,"adjacentMines":2,"flagged":false},{"mine":false,"revealed":true,"adjacentMines":5,"flagged":false},{"mine":true,"revealed":true,"adjacentMines":5,"flagged":false},{"mine":false,"revealed":true,"adjacentMines":5,"flagged":false},{"mine":true,"revealed":true,"adjacentMines":2,"flagged":false},{"mine":false,"revealed":true,"adjacentMines":1,"flagged":false},{"mine":false,"revealed":true,"adjacentMines":0,"flagged":false},{"mine":false,"revealed":true,"adjacentMines":0,"flagged":false},{"mine":false,"revealed":true,"adjacentMines":0,"flagged":false}],[{"mine":false,"revealed":true,"adjacentMines":1,"flagged":false},{"mine":false,"revealed":true,"adjacentMines":1,"flagged":false},{"mine":false,"revealed":true,"adjacentMines":3,"flagged":false},{"mine":true,"revealed":true,"adjacentMines":2,"flagged":false},{"mine":false,"revealed":true,"adjacentMines":3,"flagged":false},{"mine":false,"revealed":true,"adjacentMines":1,"flagged":false},{"mine":false,"revealed":true,"adjacentMines":1,"flagged":false},{"mine":false,"revealed":true,"adjacentMines":0,"flagged":false},{"mine":false,"revealed":true,"adjacentMines":0,"flagged":false},{"mine":false,"revealed":true,"adjacentMines":0,"flagged":false}],[{"mine":false,"revealed":true,"adjacentMines":0,"flagged":false},{"mine":false,"revealed":true,"adjacentMines":0,"flagged":false},{"mine":false,"revealed":true,"adjacentMines":1,"flagged":false},{"mine":false,"revealed":true,"adjacentMines":1,"flagged":false},{"mine":false,"revealed":true,"adjacentMines":1,"flagged":false},{"mine":false,"revealed":true,"adjacentMines":0,"flagged":false},{"mine":false,"revealed":true,"adjacentMines":0,"flagged":false},{"mine":false,"revealed":true,"adjacentMines":0,"flagged":false},{"mine":false,"revealed":true,"adjacentMines":0,"flagged":false},{"mine":false,"revealed":true,"adjacentMines":0,"flagged":false}],[{"mine":false,"revealed":true,"adjacentMines":0,"flagged":false},{"mine":false,"revealed":true,"adjacentMines":0,"flagged":false},{"mine":false,"revealed":true,"adjacentMines":0,"flagged":false},{"mine":false,"revealed":true,"adjacentMines":0,"flagged":false},{"mine":false,"revealed":true,"adjacentMines":0,"flagged":false},{"mine":false,"revealed":true,"adjacentMines":0,"flagged":false},{"mine":false,"revealed":true,"adjacentMines":0,"flagged":false},{"mine":false,"revealed":true,"adjacentMines":1,"flagged":false},{"mine":false,"revealed":true,"adjacentMines":1,"flagged":false},{"mine":false,"revealed":true,"adjacentMines":1,"flagged":false}],[{"mine":false,"revealed":true,"adjacentMines":0,"flagged":false},{"mine":false,"revealed":true,"adjacentMines":0,"flagged":false},{"mine":false,"revealed":true,"adjacentMines":0,"flagged":false},{"mine":false,"revealed":true,"adjacentMines":0,"flagged":false},{"mine":false,"revealed":true,"adjacentMines":0,"flagged":false},{"mine":false,"revealed":true,"adjacentMines":0,"flagged":false},{"mine":false,"revealed":true,"adjacentMines":0,"flagged":false},{"mine":false,"revealed":true,"adjacentMines":1,"flagged":false},{"mine":true,"revealed":true,"adjacentMines":1,"flagged":false},{"mine":false,"revealed":true,"adjacentMines":1,"flagged":false}],[{"mine":false,"revealed":true,"adjacentMines":1,"flagged":false},{"mine":false,"revealed":true,"adjacentMines":1,"flagged":false},{"mine":false,"revealed":true,"adjacentMines":0,"flagged":false},{"mine":false,"revealed":true,"adjacentMines":0,"flagged":false},{"mine":false,"revealed":true,"adjacentMines":0,"flagged":false},{"mine":false,"revealed":true,"adjacentMines":0,"flagged":false},{"mine":false,"revealed":true,"adjacentMines":0,"flagged":false},{"mine":false,"revealed":true,"adjacentMines":1,"flagged":false},{"mine":false,"revealed":true,"adjacentMines":1,"flagged":false},{"mine":false,"revealed":true,"adjacentMines":1,"flagged":false}],[{"mine":true,"revealed":true,"adjacentMines":1,"flagged":false},{"mine":false,"revealed":true,"adjacentMines":1,"flagged":false},{"mine":false,"revealed":true,"adjacentMines":0,"flagged":false},{"mine":false,"revealed":true,"adjacentMines":0,"flagged":false},{"mine":false,"revealed":true,"adjacentMines":0,"flagged":false},{"mine":false,"revealed":true,"adjacentMines":0,"flagged":false},{"mine":false,"revealed":true,"adjacentMines":0,"flagged":false},{"mine":false,"revealed":true,"adjacentMines":0,"flagged":false},{"mine":false,"revealed":true,"adjacentMines":0,"flagged":false},{"mine":false,"revealed":true,"adjacentMines":0,"flagged":false}]],"losingCell":{"x":3,"y":5}} [] []
[2024-09-27T17:09:57.131002+02:00] minesweeper_logger.INFO: OUT:{"type":"game_over","winner":"Vous avez gagn\u00e9!","board":[[{"mine":false,"revealed":true,"adjacentMines":1,"flagged":false},{"mine":false,"revealed":true,"adjacentMines":1,"flagged":false},{"mine":false,"revealed":true,"adjacentMines":1,"flagged":false},{"mine":false,"revealed":true,"adjacentMines":0,"flagged":false},{"mine":false,"revealed":true,"adjacentMines":0,"flagged":false},{"mine":false,"revealed":true,"adjacentMines":0,"flagged":false},{"mine":false,"revealed":true,"adjacentMines":0,"flagged":false},{"mine":false,"revealed":true,"adjacentMines":0,"flagged":false},{"mine":false,"revealed":true,"adjacentMines":0,"flagged":false},{"mine":false,"revealed":true,"adjacentMines":0,"flagged":false}],[{"mine":false,"revealed":true,"adjacentMines":1,"flagged":false},{"mine":true,"revealed":true,"adjacentMines":2,"flagged":false},{"mine":false,"revealed":true,"adjacentMines":3,"flagged":false},{"mine":false,"revealed":true,"adjacentMines":3,"flagged":false},{"mine":false,"revealed":true,"adjacentMines":2,"flagged":false},{"mine":false,"revealed":true,"adjacentMines":1,"flagged":false},{"mine":false,"revealed":true,"adjacentMines":0,"flagged":false},{"mine":false,"revealed":true,"adjacentMines":0,"flagged":false},{"mine":false,"revealed":true,"adjacentMines":0,"flagged":false},{"mine":false,"revealed":true,"adjacentMines":0,"flagged":false}],[{"mine":false,"revealed":true,"adjacentMines":2,"flagged":false},{"mine":false,"revealed":true,"adjacentMines":3,"flagged":false},{"mine":true,"revealed":true,"adjacentMines":5,"flagged":false},{"mine":true,"revealed":true,"adjacentMines":4,"flagged":false},{"mine":true,"revealed":true,"adjacentMines":4,"flagged":false},{"mine":false,"revealed":true,"adjacentMines":2,"flagged":false},{"mine":false,"revealed":true,"adjacentMines":1,"flagged":false},{"mine":false,"revealed":true,"adjacentMines":0,"flagged":false},{"mine":false,"revealed":true,"adjacentMines":0,"flagged":false},{"mine":false,"revealed":true,"adjacentMines":0,"flagged":false}],[{"mine":false,"revealed":true,"adjacentMines":1,"flagged":false},{"mine":true,"revealed":true,"adjacentMines":2,"flagged":false},{"mine":false,"revealed":true,"adjacentMines":5,"flagged":false},{"mine":true,"revealed":true,"adjacentMines":5,"flagged":false},{"mine":false,"revealed":true,"adjacentMines":5,"flagged":false},{"mine":true,"revealed":true,"adjacentMines":2,"flagged":false},{"mine":false,"revealed":true,"adjacentMines":1,"flagged":false},{"mine":false,"revealed":true,"adjacentMines":0,"flagged":false},{"mine":false,"revealed":true,"adjacentMines":0,"flagged":false},{"mine":false,"revealed":true,"adjacentMines":0,"flagged":false}],[{"mine":false,"revealed":true,"adjacentMines":1,"flagged":false},{"mine":false,"revealed":true,"adjacentMines":1,"flagged":false},{"mine":false,"revealed":true,"adjacentMines":3,"flagged":false},{"mine":true,"revealed":true,"adjacentMines":2,"flagged":false},{"mine":false,"revealed":true,"adjacentMines":3,"flagged":false},{"mine":false,"revealed":true,"adjacentMines":1,"flagged":false},{"mine":false,"revealed":true,"adjacentMines":1,"flagged":false},{"mine":false,"revealed":true,"adjacentMines":0,"flagged":false},{"mine":false,"revealed":true,"adjacentMines":0,"flagged":false},{"mine":false,"revealed":true,"adjacentMines":0,"flagged":false}],[{"mine":false,"revealed":true,"adjacentMines":0,"flagged":false},{"mine":false,"revealed":true,"adjacentMines":0,"flagged":false},{"mine":false,"revealed":true,"adjacentMines":1,"flagged":false},{"mine":false,"revealed":true,"adjacentMines":1,"flagged":false},{"mine":false,"revealed":true,"adjacentMines":1,"flagged":false},{"mine":false,"revealed":true,"adjacentMines":0,"flagged":false},{"mine":false,"revealed":true,"adjacentMines":0,"flagged":false},{"mine":false,"revealed":true,"adjacentMines":0,"flagged":false},{"mine":false,"revealed":true,"adjacentMines":0,"flagged":false},{"mine":false,"revealed":true,"adjacentMines":0,"flagged":false}],[{"mine":false,"revealed":true,"adjacentMines":0,"flagged":false},{"mine":false,"revealed":true,"adjacentMines":0,"flagged":false},{"mine":false,"revealed":true,"adjacentMines":0,"flagged":false},{"mine":false,"revealed":true,"adjacentMines":0,"flagged":false},{"mine":false,"revealed":true,"adjacentMines":0,"flagged":false},{"mine":false,"revealed":true,"adjacentMines":0,"flagged":false},{"mine":false,"revealed":true,"adjacentMines":0,"flagged":false},{"mine":false,"revealed":true,"adjacentMines":1,"flagged":false},{"mine":false,"revealed":true,"adjacentMines":1,"flagged":false},{"mine":false,"revealed":true,"adjacentMines":1,"flagged":false}],[{"mine":false,"revealed":true,"adjacentMines":0,"flagged":false},{"mine":false,"revealed":true,"adjacentMines":0,"flagged":false},{"mine":false,"revealed":true,"adjacentMines":0,"flagged":false},{"mine":false,"revealed":true,"adjacentMines":0,"flagged":false},{"mine":false,"revealed":true,"adjacentMines":0,"flagged":false},{"mine":false,"revealed":true,"adjacentMines":0,"flagged":false},{"mine":false,"revealed":true,"adjacentMines":0,"flagged":false},{"mine":false,"revealed":true,"adjacentMines":1,"flagged":false},{"mine":true,"revealed":true,"adjacentMines":1,"flagged":false},{"mine":false,"revealed":true,"adjacentMines":1,"flagged":false}],[{"mine":false,"revealed":true,"adjacentMines":1,"flagged":false},{"mine":false,"revealed":true,"adjacentMines":1,"flagged":false},{"mine":false,"revealed":true,"adjacentMines":0,"flagged":false},{"mine":false,"revealed":true,"adjacentMines":0,"flagged":false},{"mine":false,"revealed":true,"adjacentMines":0,"flagged":false},{"mine":false,"revealed":true,"adjacentMines":0,"flagged":false},{"mine":false,"revealed":true,"adjacentMines":0,"flagged":false},{"mine":false,"revealed":true,"adjacentMines":1,"flagged":false},{"mine":false,"revealed":true,"adjacentMines":1,"flagged":false},{"mine":false,"revealed":true,"adjacentMines":1,"flagged":false}],[{"mine":true,"revealed":true,"adjacentMines":1,"flagged":false},{"mine":false,"revealed":true,"adjacentMines":1,"flagged":false},{"mine":false,"revealed":true,"adjacentMines":0,"flagged":false},{"mine":false,"revealed":true,"adjacentMines":0,"flagged":false},{"mine":false,"revealed":true,"adjacentMines":0,"flagged":false},{"mine":false,"revealed":true,"adjacentMines":0,"flagged":false},{"mine":false,"revealed":true,"adjacentMines":0,"flagged":false},{"mine":false,"revealed":true,"adjacentMines":0,"flagged":false},{"mine":false,"revealed":true,"adjacentMines":0,"flagged":false},{"mine":false,"revealed":true,"adjacentMines":0,"flagged":false}]],"losingCell":{"x":3,"y":5}} [] []
[2024-09-27T17:09:57.131343+02:00] minesweeper_logger.INFO: OUT:{"type":"connected_players","playerId":158,"players":[]} [] []
[2024-09-27T17:09:57.131466+02:00] minesweeper_logger.INFO: OUT:{"type":"connected_players","playerId":158,"players":[]} [] []
[2024-09-27T17:09:57.131564+02:00] minesweeper_logger.INFO: OUT:{"type":"connected_players","playerId":158,"players":[]} [] []
[2024-09-27T17:09:57.131650+02:00] minesweeper_logger.INFO: OUT:{"type":"connected_players","playerId":158,"players":[]} [] []
[2024-09-27T17:09:57.131743+02:00] minesweeper_logger.INFO: OUT:{"type":"connected_players","playerId":158,"players":[]} [] []
[2024-09-27T17:09:57.861238+02:00] minesweeper_logger.INFO: IN  :{"type":"get_game_state","gameId":"66f6ca7fb2630"} [] []
[2024-09-27T17:09:58.574305+02:00] minesweeper_logger.INFO: IN  :{"type":"refresh_players"} [] []
[2024-09-27T17:09:58.574504+02:00] minesweeper_logger.INFO: OUT:{"type":"connected_players","playerId":158,"players":[{"id":1,"username":"FoZzY"},{"id":2,"username":"Jimbo"}]} [] []
[2024-09-27T17:09:58.574589+02:00] minesweeper_logger.INFO: OUT:{"type":"connected_players","playerId":158,"players":[{"id":1,"username":"FoZzY"},{"id":2,"username":"Jimbo"}]} [] []
[2024-09-27T17:09:58.574690+02:00] minesweeper_logger.INFO: OUT:{"type":"connected_players","playerId":158,"players":[{"id":1,"username":"FoZzY"},{"id":2,"username":"Jimbo"}]} [] []
[2024-09-27T17:09:58.574823+02:00] minesweeper_logger.INFO: OUT:{"type":"connected_players","playerId":158,"players":[{"id":1,"username":"FoZzY"},{"id":2,"username":"Jimbo"}]} [] []
[2024-09-27T17:09:58.575012+02:00] minesweeper_logger.INFO: OUT:{"type":"connected_players","playerId":158,"players":[{"id":1,"username":"FoZzY"},{"id":2,"username":"Jimbo"}]} [] []
[2024-09-27T17:09:58.864407+02:00] minesweeper_logger.INFO: IN  :{"type":"get_game_state","gameId":"66f6ca7fb2630"} [] []
[2024-09-27T17:09:59.338393+02:00] minesweeper_logger.INFO: IN  :{"type":"refresh_players"} [] []
[2024-09-27T17:09:59.338610+02:00] minesweeper_logger.INFO: OUT:{"type":"connected_players","playerId":155,"players":[{"id":1,"username":"FoZzY"},{"id":2,"username":"Jimbo"}]} [] []
[2024-09-27T17:09:59.338702+02:00] minesweeper_logger.INFO: OUT:{"type":"connected_players","playerId":155,"players":[{"id":1,"username":"FoZzY"},{"id":2,"username":"Jimbo"}]} [] []
[2024-09-27T17:09:59.338768+02:00] minesweeper_logger.INFO: OUT:{"type":"connected_players","playerId":155,"players":[{"id":1,"username":"FoZzY"},{"id":2,"username":"Jimbo"}]} [] []
[2024-09-27T17:09:59.338858+02:00] minesweeper_logger.INFO: OUT:{"type":"connected_players","playerId":155,"players":[{"id":1,"username":"FoZzY"},{"id":2,"username":"Jimbo"}]} [] []
[2024-09-27T17:09:59.338917+02:00] minesweeper_logger.INFO: OUT:{"type":"connected_players","playerId":155,"players":[{"id":1,"username":"FoZzY"},{"id":2,"username":"Jimbo"}]} [] []
[2024-09-27T17:09:59.868709+02:00] minesweeper_logger.INFO: IN  :{"type":"get_game_state","gameId":"66f6ca7fb2630"} [] []
[2024-09-27T17:10:00.858007+02:00] minesweeper_logger.INFO: IN  :{"type":"get_game_state","gameId":"66f6ca7fb2630"} [] []
[2024-09-27T17:10:01.874017+02:00] minesweeper_logger.INFO: IN  :{"type":"get_game_state","gameId":"66f6ca7fb2630"} [] []
[2024-09-27T17:10:02.866963+02:00] minesweeper_logger.INFO: IN  :{"type":"get_game_state","gameId":"66f6ca7fb2630"} [] []
[2024-09-27T17:10:03.069103+02:00] minesweeper_logger.INFO: IN  :{"type":"ping"} [] []
[2024-09-27T17:10:03.069281+02:00] minesweeper_logger.INFO: OUT: Pong envoyé à 152 [] []
[2024-09-27T17:10:03.872111+02:00] minesweeper_logger.INFO: IN  :{"type":"get_game_state","gameId":"66f6ca7fb2630"} [] []
[2024-09-27T17:10:04.859039+02:00] minesweeper_logger.INFO: IN  :{"type":"get_game_state","gameId":"66f6ca7fb2630"} [] []
[2024-09-27T17:10:05.864611+02:00] minesweeper_logger.INFO: IN  :{"type":"get_game_state","gameId":"66f6ca7fb2630"} [] []
[2024-09-27T17:10:06.858196+02:00] minesweeper_logger.INFO: IN  :{"type":"get_game_state","gameId":"66f6ca7fb2630"} [] []
[2024-09-27T17:10:06.964935+02:00] minesweeper_logger.INFO: IN  :{"type":"ping"} [] []
[2024-09-27T17:10:06.965152+02:00] minesweeper_logger.INFO: OUT: Pong envoyé à 155 [] []
[2024-09-27T17:10:07.863875+02:00] minesweeper_logger.INFO: IN  :{"type":"get_game_state","gameId":"66f6ca7fb2630"} [] []
[2024-09-27T17:10:07.983217+02:00] minesweeper_logger.INFO: IN  :{"type":"ping"} [] []
[2024-09-27T17:10:07.983423+02:00] minesweeper_logger.INFO: OUT: Pong envoyé à 158 [] []
[2024-09-27T17:10:08.864254+02:00] minesweeper_logger.INFO: IN  :{"type":"get_game_state","gameId":"66f6ca7fb2630"} [] []
[2024-09-27T17:10:09.859956+02:00] minesweeper_logger.INFO: IN  :{"type":"get_game_state","gameId":"66f6ca7fb2630"} [] []
[2024-09-27T17:10:10.863777+02:00] minesweeper_logger.INFO: IN  :{"type":"get_game_state","gameId":"66f6ca7fb2630"} [] []
[2024-09-27T17:10:11.865785+02:00] minesweeper_logger.INFO: IN  :{"type":"get_game_state","gameId":"66f6ca7fb2630"} [] []
[2024-09-27T17:10:12.866393+02:00] minesweeper_logger.INFO: IN  :{"type":"get_game_state","gameId":"66f6ca7fb2630"} [] []
[2024-09-27T17:10:13.613495+02:00] minesweeper_logger.INFO: IN  :{"type":"get_player_count"} [] []
[2024-09-27T17:10:13.613691+02:00] minesweeper_logger.INFO: OUT: {"type":"player_count","connectedPlayers":2,"gamesInProgress":0} [] []
[2024-09-27T17:10:13.613965+02:00] minesweeper_logger.INFO: IN  :{"type":"get_player_count"} [] []
[2024-09-27T17:10:13.614065+02:00] minesweeper_logger.INFO: OUT: {"type":"player_count","connectedPlayers":2,"gamesInProgress":0} [] []
[2024-09-27T17:10:13.614176+02:00] minesweeper_logger.INFO: IN  :{"type":"get_player_count"} [] []
[2024-09-27T17:10:13.614269+02:00] minesweeper_logger.INFO: OUT: {"type":"player_count","connectedPlayers":2,"gamesInProgress":0} [] []
[2024-09-27T17:10:13.614371+02:00] minesweeper_logger.INFO: IN  :{"type":"get_player_count"} [] []
[2024-09-27T17:10:13.614461+02:00] minesweeper_logger.INFO: OUT: {"type":"player_count","connectedPlayers":2,"gamesInProgress":0} [] []
[2024-09-27T17:10:13.614707+02:00] minesweeper_logger.INFO: IN  :{"type":"get_player_count"} [] []
[2024-09-27T17:10:13.614803+02:00] minesweeper_logger.INFO: OUT: {"type":"player_count","connectedPlayers":2,"gamesInProgress":0} [] []
[2024-09-27T17:10:13.614951+02:00] minesweeper_logger.INFO: IN  :{"type":"get_player_count"} [] []
[2024-09-27T17:10:13.615040+02:00] minesweeper_logger.INFO: OUT: {"type":"player_count","connectedPlayers":2,"gamesInProgress":0} [] []
[2024-09-27T17:10:14.523893+02:00] minesweeper_logger.INFO: IN  :{"type":"get_game_state","gameId":"66f6ca7fb2630"} [] []
[2024-09-27T17:10:15.532720+02:00] minesweeper_logger.INFO: IN  :{"type":"get_game_state","gameId":"66f6ca7fb2630"} [] []
[2024-09-27T17:10:16.520228+02:00] minesweeper_logger.INFO: IN  :{"type":"get_game_state","gameId":"66f6ca7fb2630"} [] []
[2024-09-27T17:10:16.533814+02:00] minesweeper_logger.INFO: IN  :{"type":"get_player_count"} [] []
[2024-09-27T17:10:16.534024+02:00] minesweeper_logger.INFO: OUT: {"type":"player_count","connectedPlayers":2,"gamesInProgress":0} [] []
[2024-09-27T17:10:16.555923+02:00] minesweeper_logger.INFO: IN  :{"type":"get_player_count"} [] []
[2024-09-27T17:10:16.556106+02:00] minesweeper_logger.INFO: OUT: {"type":"player_count","connectedPlayers":2,"gamesInProgress":0} [] []
[2024-09-27T17:10:16.559901+02:00] minesweeper_logger.INFO: IN  :{"type":"get_player_count"} [] []
[2024-09-27T17:10:16.560054+02:00] minesweeper_logger.INFO: OUT: {"type":"player_count","connectedPlayers":2,"gamesInProgress":0} [] []
[2024-09-27T17:10:17.531694+02:00] minesweeper_logger.INFO: IN  :{"type":"get_game_state","gameId":"66f6ca7fb2630"} [] []
[2024-09-27T17:10:18.535286+02:00] minesweeper_logger.INFO: IN  :{"type":"get_game_state","gameId":"66f6ca7fb2630"} [] []
[2024-09-27T17:10:19.519133+02:00] minesweeper_logger.INFO: IN  :{"type":"get_game_state","gameId":"66f6ca7fb2630"} [] []
[2024-09-27T17:10:19.934073+02:00] minesweeper_logger.INFO: IN  :{"type":"get_player_count"} [] []
[2024-09-27T17:10:19.934274+02:00] minesweeper_logger.INFO: OUT: {"type":"player_count","connectedPlayers":2,"gamesInProgress":0} [] []
[2024-09-27T17:10:20.383798+02:00] minesweeper_logger.INFO: IN  :{"type":"get_player_count"} [] []
[2024-09-27T17:10:20.384011+02:00] minesweeper_logger.INFO: OUT: {"type":"player_count","connectedPlayers":2,"gamesInProgress":0} [] []
[2024-09-27T17:10:20.529460+02:00] minesweeper_logger.INFO: IN  :{"type":"get_game_state","gameId":"66f6ca7fb2630"} [] []
[2024-09-27T17:10:21.531089+02:00] minesweeper_logger.INFO: IN  :{"type":"get_game_state","gameId":"66f6ca7fb2630"} [] []
[2024-09-27T17:10:21.966140+02:00] minesweeper_logger.INFO: IN  :{"type":"ping"} [] []
[2024-09-27T17:10:21.966438+02:00] minesweeper_logger.INFO: OUT: Pong envoyé à 155 [] []
[2024-09-27T17:10:22.533946+02:00] minesweeper_logger.INFO: IN  :{"type":"get_game_state","gameId":"66f6ca7fb2630"} [] []
[2024-09-27T17:10:23.000036+02:00] minesweeper_logger.INFO: IN  :{"type":"ping"} [] []
[2024-09-27T17:10:23.000244+02:00] minesweeper_logger.INFO: OUT: Pong envoyé à 158 [] []
[2024-09-27T17:10:23.160027+02:00] minesweeper_logger.INFO: IN  :{"type":"get_player_count"} [] []
[2024-09-27T17:10:23.160197+02:00] minesweeper_logger.INFO: OUT: {"type":"player_count","connectedPlayers":2,"gamesInProgress":0} [] []
[2024-09-27T17:10:23.521959+02:00] minesweeper_logger.INFO: IN  :{"type":"get_game_state","gameId":"66f6ca7fb2630"} [] []
[2024-09-27T17:10:24.530956+02:00] minesweeper_logger.INFO: IN  :{"type":"get_game_state","gameId":"66f6ca7fb2630"} [] []
[2024-09-27T17:10:25.523247+02:00] minesweeper_logger.INFO: IN  :{"type":"get_game_state","gameId":"66f6ca7fb2630"} [] []
[2024-09-27T17:10:26.529568+02:00] minesweeper_logger.INFO: IN  :{"type":"get_game_state","gameId":"66f6ca7fb2630"} [] []
[2024-09-27T17:10:26.534521+02:00] minesweeper_logger.INFO: IN  :{"type":"get_player_count"} [] []
[2024-09-27T17:10:26.534709+02:00] minesweeper_logger.INFO: OUT: {"type":"player_count","connectedPlayers":2,"gamesInProgress":0} [] []
[2024-09-27T17:10:26.557000+02:00] minesweeper_logger.INFO: IN  :{"type":"get_player_count"} [] []
[2024-09-27T17:10:26.557273+02:00] minesweeper_logger.INFO: OUT: {"type":"player_count","connectedPlayers":2,"gamesInProgress":0} [] []
[2024-09-27T17:10:26.558887+02:00] minesweeper_logger.INFO: IN  :{"type":"get_player_count"} [] []
[2024-09-27T17:10:26.559214+02:00] minesweeper_logger.INFO: OUT: {"type":"player_count","connectedPlayers":2,"gamesInProgress":0} [] []
[2024-09-27T17:10:27.530969+02:00] minesweeper_logger.INFO: IN  :{"type":"get_game_state","gameId":"66f6ca7fb2630"} [] []
[2024-09-27T17:10:28.527922+02:00] minesweeper_logger.INFO: IN  :{"type":"get_game_state","gameId":"66f6ca7fb2630"} [] []
[2024-09-27T17:10:29.531582+02:00] minesweeper_logger.INFO: IN  :{"type":"get_game_state","gameId":"66f6ca7fb2630"} [] []
[2024-09-27T17:10:29.931762+02:00] minesweeper_logger.INFO: IN  :{"type":"get_player_count"} [] []
[2024-09-27T17:10:29.932020+02:00] minesweeper_logger.INFO: OUT: {"type":"player_count","connectedPlayers":2,"gamesInProgress":0} [] []
[2024-09-27T17:10:30.382123+02:00] minesweeper_logger.INFO: IN  :{"type":"get_player_count"} [] []
[2024-09-27T17:10:30.382311+02:00] minesweeper_logger.INFO: OUT: {"type":"player_count","connectedPlayers":2,"gamesInProgress":0} [] []
[2024-09-27T17:10:30.529396+02:00] minesweeper_logger.INFO: IN  :{"type":"get_game_state","gameId":"66f6ca7fb2630"} [] []
[2024-09-27T17:10:31.531473+02:00] minesweeper_logger.INFO: IN  :{"type":"get_game_state","gameId":"66f6ca7fb2630"} [] []
[2024-09-27T17:10:32.531305+02:00] minesweeper_logger.INFO: IN  :{"type":"get_game_state","gameId":"66f6ca7fb2630"} [] []
[2024-09-27T17:10:33.163943+02:00] minesweeper_logger.INFO: IN  :{"type":"get_player_count"} [] []
[2024-09-27T17:10:33.164154+02:00] minesweeper_logger.INFO: OUT: {"type":"player_count","connectedPlayers":2,"gamesInProgress":0} [] []
[2024-09-27T17:10:33.531961+02:00] minesweeper_logger.INFO: IN  :{"type":"get_game_state","gameId":"66f6ca7fb2630"} [] []
[2024-09-27T17:10:34.519023+02:00] minesweeper_logger.INFO: IN  :{"type":"get_game_state","gameId":"66f6ca7fb2630"} [] []
